"E:/Projects/UE4/Unreal Projects/Element54/Element54/Element54.uproject" 1
"../../../Engine/Plugins/2D/Paper2D/Paper2D.uplugin" 2
"../../../Engine/Plugins/Blendables/LightPropagationVolume/LightPropagationVolume.uplugin" 3
"../../../Engine/Plugins/Developer/BlankPlugin/BlankPlugin.uplugin" 4
"../../../Engine/Plugins/Developer/CodeLiteSourceCodeAccess/CodeLiteSourceCodeAccess.uplugin" 5
"../../../Engine/Plugins/Developer/GitSourceControl/GitSourceControl.uplugin" 6
"../../../Engine/Plugins/Developer/KDevelopSourceCodeAccess/KDevelopSourceCodeAccess.uplugin" 7
"../../../Engine/Plugins/Developer/NullSourceCodeAccess/NullSourceCodeAccess.uplugin" 8
"../../../Engine/Plugins/Developer/OneSkyLocalizationService/OneSkyLocalizationService.uplugin" 9
"../../../Engine/Plugins/Developer/PerforceSourceControl/PerforceSourceControl.uplugin" 10
"../../../Engine/Plugins/Developer/SubversionSourceControl/SubversionSourceControl.uplugin" 11
"../../../Engine/Plugins/Developer/UObjectPlugin/UObjectPlugin.uplugin" 12
"../../../Engine/Plugins/Developer/VisualStudioSourceCodeAccess/VisualStudioSourceCodeAccess.uplugin" 13
"../../../Engine/Plugins/Developer/XCodeSourceCodeAccess/XCodeSourceCodeAccess.uplugin" 14
"../../../Engine/Plugins/Editor/EpicSurvey/EpicSurvey.uplugin" 15
"../../../Engine/Plugins/Editor/MacGraphicsSwitching/MacGraphicsSwitching.uplugin" 16
"../../../Engine/Plugins/Editor/PluginBrowser/PluginBrowser.uplugin" 17
"../../../Engine/Plugins/Editor/SpeedTreeImporter/SpeedTreeImporter.uplugin" 18
"../../../Engine/Plugins/Experimental/BlueprintStats/BlueprintStats.uplugin" 19
"../../../Engine/Plugins/Experimental/CharacterAI/CharacterAI.uplugin" 20
"../../../Engine/Plugins/Experimental/CodeEditor/CodeEditor.uplugin" 21
"../../../Engine/Plugins/Experimental/CodeView/CodeView.uplugin" 22
"../../../Engine/Plugins/Experimental/HTML5Networking/HTML5Networking.uplugin" 23
"../../../Engine/Plugins/Experimental/LiveEditor/LiveEditor.uplugin" 24
"../../../Engine/Plugins/Experimental/Phya/Phya.uplugin" 25
"../../../Engine/Plugins/Experimental/SimpleHMD/SimpleHMD.uplugin" 26
"../../../Engine/Plugins/Experimental/StructBox/StructBox.uplugin" 27
"../../../Engine/Plugins/Marketplace/Substance/Substance.uplugin" 28
"../../../Engine/Plugins/Media/AndroidMedia/AndroidMedia.uplugin" 29
"../../../Engine/Plugins/Media/AvfMedia/AvfMedia.uplugin" 30
"../../../Engine/Plugins/Media/MediaPlayerEditor/MediaPlayerEditor.uplugin" 31
"../../../Engine/Plugins/Media/WmfMedia/WmfMedia.uplugin" 32
"../../../Engine/Plugins/Messaging/MessagingDebugger/MessagingDebugger.uplugin" 33
"../../../Engine/Plugins/Messaging/UdpMessaging/UdpMessaging.uplugin" 34
"../../../Engine/Plugins/NetcodeUnitTest/NetcodeUnitTest/NetcodeUnitTest.uplugin" 35
"../../../Engine/Plugins/NetcodeUnitTest/NUTUnrealEngine4/NUTUnrealEngine4.uplugin" 36
"../../../Engine/Plugins/Runtime/Advertising/IOSTapJoy/IOSTapJoy.uplugin" 37
"../../../Engine/Plugins/Runtime/Analytics/AnalyticsBlueprintLibrary/AnalyticsBlueprintLibrary.uplugin" 38
"../../../Engine/Plugins/Runtime/Analytics/AnalyticsMulticast/AnalyticsMulticast.uplugin" 39
"../../../Engine/Plugins/Runtime/Analytics/Apsalar/IOSApsalar/IOSApsalar.uplugin" 40
"../../../Engine/Plugins/Runtime/Analytics/FileLogging/FileLogging.uplugin" 41
"../../../Engine/Plugins/Runtime/Analytics/Flurry/IOSFlurry/IOSFlurry.uplugin" 42
"../../../Engine/Plugins/Runtime/AndroidDeviceProfileSelector/AndroidDeviceProfileSelector.uplugin" 43
"../../../Engine/Plugins/Runtime/AndroidMoviePlayer/AndroidMoviePlayer.uplugin" 44
"../../../Engine/Plugins/Runtime/AppleMoviePlayer/AppleMoviePlayer.uplugin" 45
"../../../Engine/Plugins/Runtime/ArchVisCharacter/ArchVisCharacter.uplugin" 46
"../../../Engine/Plugins/Runtime/CableComponent/CableComponent.uplugin" 47
"../../../Engine/Plugins/Runtime/CustomMeshComponent/CustomMeshComponent.uplugin" 48
"../../../Engine/Plugins/Runtime/ExampleDeviceProfileSelector/ExampleDeviceProfileSelector.uplugin" 49
"../../../Engine/Plugins/Runtime/GearVR/GearVR.uplugin" 50
"../../../Engine/Plugins/Runtime/IOSDeviceProfileSelector/IOSDeviceProfileSelector.uplugin" 51
"../../../Engine/Plugins/Runtime/LeapMotionController/LeapMotionController.uplugin" 52
"../../../Engine/Plugins/Runtime/LiveEditorListenServer/LiveEditorListenServer.uplugin" 53
"../../../Engine/Plugins/Runtime/OculusAudio/OculusAudio.uplugin" 54
"../../../Engine/Plugins/Runtime/OculusLibrary/OculusLibrary.uplugin" 55
"../../../Engine/Plugins/Runtime/OculusRift/OculusRift.uplugin" 56
"../../../Engine/Plugins/Runtime/ProceduralMeshComponent/ProceduralMeshComponent.uplugin" 57
"../../../Engine/Plugins/Runtime/SoundMod/SoundMod.uplugin" 58
"../../../Engine/Plugins/Runtime/SoundVisualizations/SoundVisualizations.uplugin" 59
"../../../Engine/Plugins/Runtime/Steam/SteamController/SteamController.uplugin" 60
"../../../Engine/Plugins/Runtime/Steam/SteamVR/SteamVR.uplugin" 61
"../../../Engine/Plugins/Runtime/WebBrowserWidget/WebBrowserWidget.uplugin" 62
"../../../Engine/Plugins/Runtime/WindowsDeviceProfileSelector/WindowsDeviceProfileSelector.uplugin" 63
"../../../Engine/Plugins/Runtime/WindowsMoviePlayer/WindowsMoviePlayer.uplugin" 64
"../../../Engine/Plugins/ScriptGeneratorPlugin/ScriptGeneratorPlugin.uplugin" 65
"../../../Engine/Plugins/ScriptPlugin/ScriptPlugin.uplugin" 66
"../../../Engine/Plugins/Slate/SlateRemote/SlateRemote.uplugin" 67
"..\..\..\Engine\Content\Internationalization\icudt53l\cnvalias.icu" 68
"..\..\..\Engine\Content\Internationalization\icudt53l\en_US_POSIX.res" 69
"..\..\..\Engine\Content\Internationalization\icudt53l\pool.res" 70
"..\..\..\Engine\Content\Internationalization\icudt53l\en_US.res" 71
"..\..\..\Engine\Content\Internationalization\icudt53l\en.res" 72
"..\..\..\Engine\Content\Internationalization\icudt53l\root.res" 73
"..\..\..\Engine\Content\Internationalization\icudt53l\en_GB.res" 74
"..\..\..\Engine\Content\Internationalization\icudt53l\en_001.res" 75
"C:/Users/cdros/AppData/Local/UnrealEngine/4.9/Saved/Config/Windows/Manifest.ini" 76
"../../../Engine/Config/Base.ini" 77
"../../../Engine/Config/BaseEngine.ini" 78
"E:/Projects/UE4/Unreal Projects/Element54/Element54/Config/DefaultEngine.ini" 79
"../../../Engine/Config/Windows/WindowsEngine.ini" 80
"C:/Users/cdros/AppData/Local/Unreal Engine/Engine/Config/UserEngine.ini" 81
"E:/Projects/UE4/Unreal Projects/Element54/Element54/Saved/Config/Windows/Engine.ini" 82
"E:/Projects/UE4/Unreal Projects/Element54/Element54/Intermediate/Config/CoalescedSourceConfigs/Engine.ini" 83
"../../../Engine/Config/BaseGame.ini" 84
"E:/Projects/UE4/Unreal Projects/Element54/Element54/Config/DefaultGame.ini" 85
"E:/Projects/UE4/Unreal Projects/Element54/Element54/Saved/Config/Windows/Game.ini" 86
"E:/Projects/UE4/Unreal Projects/Element54/Element54/Intermediate/Config/CoalescedSourceConfigs/Game.ini" 87
"../../../Engine/Config/BaseInput.ini" 88
"E:/Projects/UE4/Unreal Projects/Element54/Element54/Config/DefaultInput.ini" 89
"E:/Projects/UE4/Unreal Projects/Element54/Element54/Saved/Config/Windows/Input.ini" 90
"E:/Projects/UE4/Unreal Projects/Element54/Element54/Intermediate/Config/CoalescedSourceConfigs/Input.ini" 91
"../../../Engine/Config/BaseEditor.ini" 92
"E:/Projects/UE4/Unreal Projects/Element54/Element54/Config/DefaultEditor.ini" 93
"E:/Projects/UE4/Unreal Projects/Element54/Element54/Saved/Config/Windows/Editor.ini" 94
"E:/Projects/UE4/Unreal Projects/Element54/Element54/Intermediate/Config/CoalescedSourceConfigs/Editor.ini" 95
"E:/Projects/UE4/Unreal Projects/Element54/Element54/Saved/Config/Windows/EditorUserSettings.ini" 96
"../../../Engine/Config/BaseEditorPerProjectUserSettings.ini" 97
"E:/Projects/UE4/Unreal Projects/Element54/Element54/Config/DefaultEditorPerProjectUserSettings.ini" 98
"E:/Projects/UE4/Unreal Projects/Element54/Element54/Saved/Config/Windows/EditorPerProjectUserSettings.ini" 99
"E:/Projects/UE4/Unreal Projects/Element54/Element54/Intermediate/Config/CoalescedSourceConfigs/EditorPerProjectUserSettings.ini" 100
"../../../Engine/Config/BaseEditorSettings.ini" 101
"C:/Users/cdros/AppData/Local/UnrealEngine/4.9/Saved/Config/Windows/EditorSettings.ini" 102
"E:/Projects/UE4/Unreal Projects/Element54/Element54/Intermediate/Config/CoalescedSourceConfigs/EditorSettings.ini" 103
"../../../Engine/Config/BaseEditorLayout.ini" 104
"C:/Users/cdros/AppData/Local/UnrealEngine/4.9/Saved/Config/Windows/EditorLayout.ini" 105
"E:/Projects/UE4/Unreal Projects/Element54/Element54/Intermediate/Config/CoalescedSourceConfigs/EditorLayout.ini" 106
"../../../Engine/Config/BaseEditorKeyBindings.ini" 107
"C:/Users/cdros/AppData/Local/UnrealEngine/4.9/Saved/Config/Windows/EditorKeyBindings.ini" 108
"E:/Projects/UE4/Unreal Projects/Element54/Element54/Intermediate/Config/CoalescedSourceConfigs/EditorKeyBindings.ini" 109
"../../../Engine/Config/BaseCompat.ini" 110
"E:/Projects/UE4/Unreal Projects/Element54/Element54/Saved/Config/Windows/Compat.ini" 111
"E:/Projects/UE4/Unreal Projects/Element54/Element54/Intermediate/Config/CoalescedSourceConfigs/Compat.ini" 112
"../../../Engine/Config/BaseLightmass.ini" 113
"E:/Projects/UE4/Unreal Projects/Element54/Element54/Saved/Config/Windows/Lightmass.ini" 114
"E:/Projects/UE4/Unreal Projects/Element54/Element54/Intermediate/Config/CoalescedSourceConfigs/Lightmass.ini" 115
"../../../Engine/Config/BaseScalability.ini" 116
"E:/Projects/UE4/Unreal Projects/Element54/Element54/Saved/Config/Windows/Scalability.ini" 117
"E:/Projects/UE4/Unreal Projects/Element54/Element54/Intermediate/Config/CoalescedSourceConfigs/Scalability.ini" 118
"E:/Projects/UE4/Unreal Projects/Element54/Element54/Saved/Config/Windows/GameUserSettings.ini" 119
"E:/Projects/UE4/Unreal Projects/Element54/Element54/Intermediate/Config/CoalescedSourceConfigs/GameUserSettings.ini" 120
"../../../Engine/Config/BaseDeviceProfiles.ini" 121
"E:/Projects/UE4/Unreal Projects/Element54/Element54/Saved/Config/Windows/DeviceProfiles.ini" 122
"E:/Projects/UE4/Unreal Projects/Element54/Element54/Intermediate/Config/CoalescedSourceConfigs/DeviceProfiles.ini" 123
"../../../Engine/Config/ConsoleVariables.ini" 124
"..\..\..\Engine\Content\Internationalization\icudt53l\es.res" 125
"..\..\..\Engine\Content\Internationalization\icudt53l\ja.res" 126
"..\..\..\Engine\Content\Internationalization\icudt53l\ko.res" 127
"..\..\..\Engine\Content\Internationalization\icudt53l\pt_BR.res" 128
"..\..\..\Engine\Content\Internationalization\icudt53l\pt.res" 129
"..\..\..\Engine\Content\Internationalization\icudt53l\zh_CN.res" 130
"..\..\..\Engine\Content\Internationalization\icudt53l\zh_Hans_CN.res" 131
"..\..\..\Engine\Content\Internationalization\icudt53l\zh_Hans.res" 132
"..\..\..\Engine\Content\Internationalization\icudt53l\zh.res" 133
"D:/Program Files/Epic Games/4.9/Engine/Content/Localization/Editor/en/Editor.locres" 134
"D:/Program Files/Epic Games/4.9/Engine/Content/Localization/EditorTutorials/en/EditorTutorials.locres" 135
"D:/Program Files/Epic Games/4.9/Engine/Content/Localization/Keywords/en/Keywords.locres" 136
"D:/Program Files/Epic Games/4.9/Engine/Content/Localization/Category/en/Category.locres" 137
"D:/Program Files/Epic Games/4.9/Engine/Content/Localization/ToolTips/en/ToolTips.locres" 138
"D:/Program Files/Epic Games/4.9/Engine/Content/Localization/PropertyNames/en/PropertyNames.locres" 139
"D:/Program Files/Epic Games/4.9/Engine/Content/Localization/Engine/en/Engine.locres" 140
"../../../Engine/Content/Slate/Fonts/Roboto-Regular.ttf" 141
"../../../Engine/Content/Slate/Fonts/DroidSansMono.ttf" 142
"../../../Engine/Content/Slate/Fonts/Roboto-Bold.ttf" 143
"../../../Engine/Content/Slate/Fonts/Roboto-Light.ttf" 144
"D:/Program Files/Epic Games/4.9/Engine/Binaries/Win64/../../../Engine/Shaders/ParticleSpriteVertexFactory.usf" 145
"D:/Program Files/Epic Games/4.9/Engine/Binaries/Win64/../../../Engine/Shaders/VertexFactoryCommon.usf" 146
"D:/Program Files/Epic Games/4.9/Engine/Binaries/Win64/../../../Engine/Shaders/Common.usf" 147
"D:/Program Files/Epic Games/4.9/Engine/Binaries/Win64/../../../Engine/Shaders/MetalCommon.usf" 148
"D:/Program Files/Epic Games/4.9/Engine/Binaries/Win64/../../../Engine/Shaders/ShaderVersion.usf" 149
"D:/Program Files/Epic Games/4.9/Engine/Binaries/Win64/../../../Engine/Shaders/CommonViewUniformBuffer.usf" 150
"D:/Program Files/Epic Games/4.9/Engine/Binaries/Win64/../../../Engine/Shaders/Definitions.usf" 151
"D:/Program Files/Epic Games/4.9/Engine/Binaries/Win64/../../../Engine/Shaders/Random.usf" 152
"D:/Program Files/Epic Games/4.9/Engine/Binaries/Win64/../../../Engine/Shaders/ParticleVertexFactoryCommon.usf" 153
"D:/Program Files/Epic Games/4.9/Engine/Binaries/Win64/../../../Engine/Shaders/ParticleGPUSpriteVertexFactory.usf" 154
"D:/Program Files/Epic Games/4.9/Engine/Binaries/Win64/../../../Engine/Shaders/ParticleBeamTrailVertexFactory.usf" 155
"D:/Program Files/Epic Games/4.9/Engine/Binaries/Win64/../../../Engine/Shaders/LocalVertexFactory.usf" 156
"D:/Program Files/Epic Games/4.9/Engine/Binaries/Win64/../../../Engine/Shaders/LocalVertexFactoryCommon.usf" 157
"D:/Program Files/Epic Games/4.9/Engine/Binaries/Win64/../../../Engine/Shaders/VectorFieldVisualizationVertexFactory.usf" 158
"D:/Program Files/Epic Games/4.9/Engine/Binaries/Win64/../../../Engine/Shaders/MeshParticleVertexFactory.usf" 159
"D:/Program Files/Epic Games/4.9/Engine/Binaries/Win64/../../../Engine/Shaders/GpuSkinVertexFactory.usf" 160
"D:/Program Files/Epic Games/4.9/Engine/Binaries/Win64/../../../Engine/Shaders/GpuSkinCacheCommon.usf" 161
"D:/Program Files/Epic Games/4.9/Engine/Binaries/Win64/../../../Engine/Shaders/LandscapeVertexFactory.usf" 162
"D:/Program Files/Epic Games/4.9/Engine/Binaries/Win64/../../../Engine/Shaders/SlateElementPixelShader.usf" 163
"D:/Program Files/Epic Games/4.9/Engine/Binaries/Win64/../../../Engine/Shaders/GammaCorrectionCommon.usf" 164
"D:/Program Files/Epic Games/4.9/Engine/Binaries/Win64/../../../Engine/Shaders/MaterialTemplate.usf" 165
"D:/Program Files/Epic Games/4.9/Engine/Binaries/Win64/../../../Engine/Shaders/DepthOfFieldCommon.usf" 166
"D:/Program Files/Epic Games/4.9/Engine/Binaries/Win64/../../../Engine/Shaders/GlobalDistanceFieldShared.usf" 167
"D:/Program Files/Epic Games/4.9/Engine/Binaries/Win64/../../../Engine/Shaders/SpeedTreeCommon.usf" 168
"D:/Program Files/Epic Games/4.9/Engine/Binaries/Win64/../../../Engine/Shaders/AtmosphereCommon.usf" 169
"D:/Program Files/Epic Games/4.9/Engine/Binaries/Win64/../../../Engine/Shaders/PaniniProjection.usf" 170
"D:/Program Files/Epic Games/4.9/Engine/Binaries/Win64/../../../Engine/Shaders/EyeAdaptationCommon.usf" 171
"D:/Program Files/Epic Games/4.9/Engine/Binaries/Win64/../../../Engine/Shaders/PostProcessCommon.usf" 172
"D:/Program Files/Epic Games/4.9/Engine/Binaries/Win64/../../../Engine/Shaders/DeferredShadingCommon.usf" 173
"D:/Program Files/Epic Games/4.9/Engine/Binaries/Win64/../../../Engine/Shaders/LightAccumulator.usf" 174
"D:/Program Files/Epic Games/4.9/Engine/Binaries/Win64/../../../Engine/Shaders/SlateVertexShader.usf" 175
"D:/Program Files/Epic Games/4.9/Engine/Binaries/Win64/../../../Engine/Shaders/ParticleSortKeyGen.usf" 176
"D:/Program Files/Epic Games/4.9/Engine/Binaries/Win64/../../../Engine/Shaders/ParticleBoundsShader.usf" 177
"D:/Program Files/Epic Games/4.9/Engine/Binaries/Win64/../../../Engine/Shaders/ParticleSimVisualizeShader.usf" 178
"D:/Program Files/Epic Games/4.9/Engine/Binaries/Win64/../../../Engine/Shaders/ParticleInjectionShader.usf" 179
"D:/Program Files/Epic Games/4.9/Engine/Binaries/Win64/../../../Engine/Shaders/ParticleSimulationShader.usf" 180
"D:/Program Files/Epic Games/4.9/Engine/Binaries/Win64/../../../Engine/Shaders/ParticleCurveInjectionShader.usf" 181
"D:/Program Files/Epic Games/4.9/Engine/Binaries/Win64/../../../Engine/Shaders/VectorFieldCompositeShaders.usf" 182
"D:/Program Files/Epic Games/4.9/Engine/Binaries/Win64/../../../Engine/Shaders/UpdateTextureShaders.usf" 183
"D:/Program Files/Epic Games/4.9/Engine/Binaries/Win64/../../../Engine/Shaders/SimpleElementColorChannelMaskPixelShader.usf" 184
"D:/Program Files/Epic Games/4.9/Engine/Binaries/Win64/../../../Engine/Shaders/SimpleElementPixelShader.usf" 185
"D:/Program Files/Epic Games/4.9/Engine/Binaries/Win64/../../../Engine/Shaders/ColorUtils.usf" 186
"D:/Program Files/Epic Games/4.9/Engine/Binaries/Win64/../../../Engine/Shaders/IESLightProfilesCommon.usf" 187
"D:/Program Files/Epic Games/4.9/Engine/Binaries/Win64/../../../Engine/Shaders/SimpleElementHitProxyPixelShader.usf" 188
"D:/Program Files/Epic Games/4.9/Engine/Binaries/Win64/../../../Engine/Shaders/SimpleElementVertexShader.usf" 189
"D:/Program Files/Epic Games/4.9/Engine/Binaries/Win64/../../../Engine/Shaders/ScreenVertexShader.usf" 190
"D:/Program Files/Epic Games/4.9/Engine/Binaries/Win64/../../../Engine/Shaders/ScreenPixelShader.usf" 191
"D:/Program Files/Epic Games/4.9/Engine/Binaries/Win64/../../../Engine/Shaders/RadixSortShaders.usf" 192
"D:/Program Files/Epic Games/4.9/Engine/Binaries/Win64/../../../Engine/Shaders/GpuSkinCacheComputeShader.usf" 193
"D:/Program Files/Epic Games/4.9/Engine/Binaries/Win64/../../../Engine/Shaders/NullPixelShader.usf" 194
"D:/Program Files/Epic Games/4.9/Engine/Binaries/Win64/../../../Engine/Shaders/LandscapeGrassWeight.usf" 195
"D:/Program Files/Epic Games/4.9/Engine/Binaries/Win64/../../../Engine/Shaders/VisualizeTexture.usf" 196
"D:/Program Files/Epic Games/4.9/Engine/Binaries/Win64/../../../Engine/Shaders/ScreenSpaceReflections.usf" 197
"D:/Program Files/Epic Games/4.9/Engine/Binaries/Win64/../../../Engine/Shaders/BRDF.usf" 198
"D:/Program Files/Epic Games/4.9/Engine/Binaries/Win64/../../../Engine/Shaders/MonteCarlo.usf" 199
"D:/Program Files/Epic Games/4.9/Engine/Binaries/Win64/../../../Engine/Shaders/ScreenSpaceRayCast.usf" 200
"D:/Program Files/Epic Games/4.9/Engine/Binaries/Win64/../../../Engine/Shaders/FilterVertexShader.usf" 201
"D:/Program Files/Epic Games/4.9/Engine/Binaries/Win64/../../../Engine/Shaders/FilterPixelShader.usf" 202
"D:/Program Files/Epic Games/4.9/Engine/Binaries/Win64/../../../Engine/Shaders/PostProcessVisualizeHDR.usf" 203
"D:/Program Files/Epic Games/4.9/Engine/Binaries/Win64/../../../Engine/Shaders/PostProcessHistogramCommon.usf" 204
"D:/Program Files/Epic Games/4.9/Engine/Binaries/Win64/../../../Engine/Shaders/TonemapCommon.usf" 205
"D:/Program Files/Epic Games/4.9/Engine/Binaries/Win64/../../../Engine/Shaders/ACES.usf" 206
"D:/Program Files/Epic Games/4.9/Engine/Binaries/Win64/../../../Engine/Shaders/MiniFontCommon.usf" 207
"D:/Program Files/Epic Games/4.9/Engine/Binaries/Win64/../../../Engine/Shaders/PostProcessVisualizeBuffer.usf" 208
"D:/Program Files/Epic Games/4.9/Engine/Binaries/Win64/../../../Engine/Shaders/PostProcessUpscale.usf" 209
"D:/Program Files/Epic Games/4.9/Engine/Binaries/Win64/../../../Engine/Shaders/PostProcessTonemap.usf" 210
"D:/Program Files/Epic Games/4.9/Engine/Binaries/Win64/../../../Engine/Shaders/PostProcessTestImage.usf" 211
"D:/Program Files/Epic Games/4.9/Engine/Binaries/Win64/../../../Engine/Shaders/PostProcessTemporalAA.usf" 212
"D:/Program Files/Epic Games/4.9/Engine/Binaries/Win64/../../../Engine/Shaders/PostProcessTemporalCommon.usf" 213
"D:/Program Files/Epic Games/4.9/Engine/Binaries/Win64/../../../Engine/Shaders/PostProcessSubsurface.usf" 214
"D:/Program Files/Epic Games/4.9/Engine/Binaries/Win64/../../../Engine/Shaders/SeparableSSS.usf" 215
"D:/Program Files/Epic Games/4.9/Engine/Binaries/Win64/../../../Engine/Shaders/PostProcessSelectionOutline.usf" 216
"D:/Program Files/Epic Games/4.9/Engine/Binaries/Win64/../../../Engine/Shaders/PostProcessSceneColorFringe.usf" 217
"D:/Program Files/Epic Games/4.9/Engine/Binaries/Win64/../../../Engine/Shaders/PostProcessNoiseBlur.usf" 218
"D:/Program Files/Epic Games/4.9/Engine/Binaries/Win64/../../../Engine/Shaders/PostProcessMotionBlur.usf" 219
"D:/Program Files/Epic Games/4.9/Engine/Binaries/Win64/../../../Engine/Shaders/FastMath.usf" 220
"D:/Program Files/Epic Games/4.9/Engine/Binaries/Win64/../../../Engine/Shaders/PostProcessVelocityFlatten.usf" 221
"D:/Program Files/Epic Games/4.9/Engine/Binaries/Win64/../../../Engine/Shaders/MorpheusInclude.usf" 222
"D:/Program Files/Epic Games/4.9/Engine/Binaries/Win64/../../../Engine/Shaders/PostProcessMobile.usf" 223
"D:/Program Files/Epic Games/4.9/Engine/Binaries/Win64/../../../Engine/Shaders/PostProcessMaterialShaders.usf" 224
"D:/Program Files/Epic Games/4.9/Engine/Binaries/Win64/../../../Engine/Shaders/PostProcessLensFlares.usf" 225
"D:/Program Files/Epic Games/4.9/Engine/Binaries/Win64/../../../Engine/Shaders/PostProcessLensBlur.usf" 226
"D:/Program Files/Epic Games/4.9/Engine/Binaries/Win64/../../../Engine/Shaders/PostProcessBloom.usf" 227
"D:/Program Files/Epic Games/4.9/Engine/Binaries/Win64/../../../Engine/Shaders/PostProcessHMD.usf" 228
"D:/Program Files/Epic Games/4.9/Engine/Binaries/Win64/../../../Engine/Shaders/PostProcessHistogramReduce.usf" 229
"D:/Program Files/Epic Games/4.9/Engine/Binaries/Win64/../../../Engine/Shaders/PostProcessHistogram.usf" 230
"D:/Program Files/Epic Games/4.9/Engine/Binaries/Win64/../../../Engine/Shaders/PostProcessHierarchical.usf" 231
"D:/Program Files/Epic Games/4.9/Engine/Binaries/Win64/../../../Engine/Shaders/PostProcessGBufferHints.usf" 232
"D:/Program Files/Epic Games/4.9/Engine/Binaries/Win64/../../../Engine/Shaders/PostProcessEyeAdaptation.usf" 233
"D:/Program Files/Epic Games/4.9/Engine/Binaries/Win64/../../../Engine/Shaders/PostProcessDownsample.usf" 234
"D:/Program Files/Epic Games/4.9/Engine/Binaries/Win64/../../../Engine/Shaders/PostProcessDOF.usf" 235
"D:/Program Files/Epic Games/4.9/Engine/Binaries/Win64/../../../Engine/Shaders/PostProcessCompositeEditorPrimitives.usf" 236
"D:/Program Files/Epic Games/4.9/Engine/Binaries/Win64/../../../Engine/Shaders/PostProcessCombineLUTs.usf" 237
"D:/Program Files/Epic Games/4.9/Engine/Binaries/Win64/../../../Engine/Shaders/PostProcessCircleDOF.usf" 238
"D:/Program Files/Epic Games/4.9/Engine/Binaries/Win64/../../../Engine/Shaders/CircleDOFCommon.usf" 239
"D:/Program Files/Epic Games/4.9/Engine/Binaries/Win64/../../../Engine/Shaders/PostProcessBusyWait.usf" 240
"D:/Program Files/Epic Games/4.9/Engine/Binaries/Win64/../../../Engine/Shaders/PostProcessBokehDOF.usf" 241
"D:/Program Files/Epic Games/4.9/Engine/Binaries/Win64/../../../Engine/Shaders/PostProcessVisualizeDOF.usf" 242
"D:/Program Files/Epic Games/4.9/Engine/Binaries/Win64/../../../Engine/Shaders/FXAAShader.usf" 243
"D:/Program Files/Epic Games/4.9/Engine/Binaries/Win64/../../../Engine/Shaders/Fxaa3_11.usf" 244
"D:/Program Files/Epic Games/4.9/Engine/Binaries/Win64/../../../Engine/Shaders/PostProcessPassThrough.usf" 245
"D:/Program Files/Epic Games/4.9/Engine/Binaries/Win64/../../../Engine/Shaders/PostProcessLpvIndirect.usf" 246
"D:/Program Files/Epic Games/4.9/Engine/Binaries/Win64/../../../Engine/Shaders/DeferredLightingCommon.usf" 247
"D:/Program Files/Epic Games/4.9/Engine/Binaries/Win64/../../../Engine/Shaders/DynamicLightingCommon.usf" 248
"D:/Program Files/Epic Games/4.9/Engine/Binaries/Win64/../../../Engine/Shaders/ShadingModels.usf" 249
"D:/Program Files/Epic Games/4.9/Engine/Binaries/Win64/../../../Engine/Shaders/LPVFinalPass.usf" 250
"D:/Program Files/Epic Games/4.9/Engine/Binaries/Win64/../../../Engine/Shaders/LPVCommon.usf" 251
"D:/Program Files/Epic Games/4.9/Engine/Binaries/Win64/../../../Engine/Shaders/DeferredDecal.usf" 252
"D:/Program Files/Epic Games/4.9/Engine/Binaries/Win64/../../../Engine/Shaders/PostProcessAmbientOcclusion.usf" 253
"D:/Program Files/Epic Games/4.9/Engine/Binaries/Win64/../../../Engine/Shaders/PostProcessAmbient.usf" 254
"D:/Program Files/Epic Games/4.9/Engine/Binaries/Win64/../../../Engine/Shaders/CubemapCommon.usf" 255
"D:/Program Files/Epic Games/4.9/Engine/Binaries/Win64/../../../Engine/Shaders/VelocityShader.usf" 256
"D:/Program Files/Epic Games/4.9/Engine/Binaries/Win64/../../../Engine/Shaders/VelocityCommon.usf" 257
"D:/Program Files/Epic Games/4.9/Engine/Binaries/Win64/../../../Engine/Shaders/Tessellation.usf" 258
"D:/Program Files/Epic Games/4.9/Engine/Binaries/Win64/../../../Engine/Shaders/FlatTessellation.usf" 259
"D:/Program Files/Epic Games/4.9/Engine/Binaries/Win64/../../../Engine/Shaders/PNTriangles.usf" 260
"D:/Program Files/Epic Games/4.9/Engine/Binaries/Win64/../../../Engine/Shaders/TranslucentLightingShaders.usf" 261
"D:/Program Files/Epic Games/4.9/Engine/Binaries/Win64/../../../Engine/Shaders/SHCommon.usf" 262
"D:/Program Files/Epic Games/4.9/Engine/Binaries/Win64/../../../Engine/Shaders/ShadowProjectionCommon.usf" 263
"D:/Program Files/Epic Games/4.9/Engine/Binaries/Win64/../../../Engine/Shaders/TranslucentLightInjectionShaders.usf" 264
"D:/Program Files/Epic Games/4.9/Engine/Binaries/Win64/../../../Engine/Shaders/LightFunctionCommon.usf" 265
"D:/Program Files/Epic Games/4.9/Engine/Binaries/Win64/../../../Engine/Shaders/TranslucentShadowDepthShaders.usf" 266
"D:/Program Files/Epic Games/4.9/Engine/Binaries/Win64/../../../Engine/Shaders/ShadowDepthCommon.usf" 267
"D:/Program Files/Epic Games/4.9/Engine/Binaries/Win64/../../../Engine/Shaders/TiledDeferredLightShaders.usf" 268
"D:/Program Files/Epic Games/4.9/Engine/Binaries/Win64/../../../Engine/Shaders/SurfelTree.usf" 269
"D:/Program Files/Epic Games/4.9/Engine/Binaries/Win64/../../../Engine/Shaders/DistanceFieldLightingShared.usf" 270
"D:/Program Files/Epic Games/4.9/Engine/Binaries/Win64/../../../Engine/Shaders/SurfelMaterialShared.usf" 271
"D:/Program Files/Epic Games/4.9/Engine/Binaries/Win64/../../../Engine/Shaders/DistanceFieldAOShared.usf" 272
"D:/Program Files/Epic Games/4.9/Engine/Binaries/Win64/../../../Engine/Shaders/ShadowProjectionPixelShader.usf" 273
"D:/Program Files/Epic Games/4.9/Engine/Binaries/Win64/../../../Engine/Shaders/ShadowFilteringCommon.usf" 274
"D:/Program Files/Epic Games/4.9/Engine/Binaries/Win64/../../../Engine/Shaders/ShadowProjectionVertexShader.usf" 275
"D:/Program Files/Epic Games/4.9/Engine/Binaries/Win64/../../../Engine/Shaders/ShadowDepthPixelShader.usf" 276
"D:/Program Files/Epic Games/4.9/Engine/Binaries/Win64/../../../Engine/Shaders/LPVWriteVplCommon.usf" 277
"D:/Program Files/Epic Games/4.9/Engine/Binaries/Win64/../../../Engine/Shaders/LPVWriteCommon.usf" 278
"D:/Program Files/Epic Games/4.9/Engine/Binaries/Win64/../../../Engine/Shaders/ShadowDepthVertexShader.usf" 279
"D:/Program Files/Epic Games/4.9/Engine/Binaries/Win64/../../../Engine/Shaders/ShaderComplexityApplyPixelShader.usf" 280
"D:/Program Files/Epic Games/4.9/Engine/Binaries/Win64/../../../Engine/Shaders/ShaderComplexityApplyVertexShader.usf" 281
"D:/Program Files/Epic Games/4.9/Engine/Binaries/Win64/../../../Engine/Shaders/ShaderComplexityAccumulatePixelShader.usf" 282
"D:/Program Files/Epic Games/4.9/Engine/Binaries/Win64/../../../Engine/Shaders/HZBOcclusion.usf" 283
"D:/Program Files/Epic Games/4.9/Engine/Binaries/Win64/../../../Engine/Shaders/OcclusionQueryVertexShader.usf" 284
"D:/Program Files/Epic Games/4.9/Engine/Binaries/Win64/../../../Engine/Shaders/HitProxyPixelShader.usf" 285
"D:/Program Files/Epic Games/4.9/Engine/Binaries/Win64/../../../Engine/Shaders/HitProxyVertexShader.usf" 286
"D:/Program Files/Epic Games/4.9/Engine/Binaries/Win64/../../../Engine/Shaders/ReflectionEnvironmentShaders.usf" 287
"D:/Program Files/Epic Games/4.9/Engine/Binaries/Win64/../../../Engine/Shaders/ReflectionEnvironmentShared.usf" 288
"D:/Program Files/Epic Games/4.9/Engine/Binaries/Win64/../../../Engine/Shaders/SkyLightingShared.usf" 289
"D:/Program Files/Epic Games/4.9/Engine/Binaries/Win64/../../../Engine/Shaders/ReflectionEnvironmentComputeShaders.usf" 290
"D:/Program Files/Epic Games/4.9/Engine/Binaries/Win64/../../../Engine/Shaders/LightShaftShader.usf" 291
"D:/Program Files/Epic Games/4.9/Engine/Binaries/Win64/../../../Engine/Shaders/StationaryLightOverlapShaders.usf" 292
"D:/Program Files/Epic Games/4.9/Engine/Binaries/Win64/../../../Engine/Shaders/DeferredLightPixelShaders.usf" 293
"D:/Program Files/Epic Games/4.9/Engine/Binaries/Win64/../../../Engine/Shaders/DeferredLightVertexShaders.usf" 294
"D:/Program Files/Epic Games/4.9/Engine/Binaries/Win64/../../../Engine/Shaders/LPVVisualise.usf" 295
"D:/Program Files/Epic Games/4.9/Engine/Binaries/Win64/../../../Engine/Shaders/LPVGeometryVolumeCommon.usf" 296
"D:/Program Files/Epic Games/4.9/Engine/Binaries/Win64/../../../Engine/Shaders/LPVDirectLightInject.usf" 297
"D:/Program Files/Epic Games/4.9/Engine/Binaries/Win64/../../../Engine/Shaders/LPVPropagate.usf" 298
"D:/Program Files/Epic Games/4.9/Engine/Binaries/Win64/../../../Engine/Shaders/LPVPacking.usf" 299
"D:/Program Files/Epic Games/4.9/Engine/Binaries/Win64/../../../Engine/Shaders/LPVBuildGeometryVolume.usf" 300
"D:/Program Files/Epic Games/4.9/Engine/Binaries/Win64/../../../Engine/Shaders/LpvDirectionalOcclusion.usf" 301
"D:/Program Files/Epic Games/4.9/Engine/Binaries/Win64/../../../Engine/Shaders/LPVInject_AccumulateVplLists.usf" 302
"D:/Program Files/Epic Games/4.9/Engine/Binaries/Win64/../../../Engine/Shaders/LPVInject_GenerateVplLists.usf" 303
"D:/Program Files/Epic Games/4.9/Engine/Binaries/Win64/../../../Engine/Shaders/LPVClearLists.usf" 304
"D:/Program Files/Epic Games/4.9/Engine/Binaries/Win64/../../../Engine/Shaders/LPVClear.usf" 305
"D:/Program Files/Epic Games/4.9/Engine/Binaries/Win64/../../../Engine/Shaders/LightMapDensityShader.usf" 306
"D:/Program Files/Epic Games/4.9/Engine/Binaries/Win64/../../../Engine/Shaders/LightFunctionPixelShader.usf" 307
"D:/Program Files/Epic Games/4.9/Engine/Binaries/Win64/../../../Engine/Shaders/LightFunctionVertexShader.usf" 308
"D:/Program Files/Epic Games/4.9/Engine/Binaries/Win64/../../../Engine/Shaders/HeightfieldLighting.usf" 309
"D:/Program Files/Epic Games/4.9/Engine/Binaries/Win64/../../../Engine/Shaders/DistanceFieldShadowingShared.usf" 310
"D:/Program Files/Epic Games/4.9/Engine/Binaries/Win64/../../../Engine/Shaders/HdrCustomResolveShaders.usf" 311
"D:/Program Files/Epic Games/4.9/Engine/Binaries/Win64/../../../Engine/Shaders/GPUBenchmark.usf" 312
"D:/Program Files/Epic Games/4.9/Engine/Binaries/Win64/../../../Engine/Shaders/GlobalDistanceField.usf" 313
"D:/Program Files/Epic Games/4.9/Engine/Binaries/Win64/../../../Engine/Shaders/GammaCorrection.usf" 314
"D:/Program Files/Epic Games/4.9/Engine/Binaries/Win64/../../../Engine/Shaders/BasePassForForwardShadingPixelShader.usf" 315
"D:/Program Files/Epic Games/4.9/Engine/Binaries/Win64/../../../Engine/Shaders/BasePassForForwardShadingCommon.usf" 316
"D:/Program Files/Epic Games/4.9/Engine/Binaries/Win64/../../../Engine/Shaders/LightmapCommon.usf" 317
"D:/Program Files/Epic Games/4.9/Engine/Binaries/Win64/../../../Engine/Shaders/BasePassForForwardShadingVertexShader.usf" 318
"D:/Program Files/Epic Games/4.9/Engine/Binaries/Win64/../../../Engine/Shaders/HeightFogCommon.usf" 319
"D:/Program Files/Epic Games/4.9/Engine/Binaries/Win64/../../../Engine/Shaders/HeightFogPixelShader.usf" 320
"D:/Program Files/Epic Games/4.9/Engine/Binaries/Win64/../../../Engine/Shaders/HeightFogVertexShader.usf" 321
"D:/Program Files/Epic Games/4.9/Engine/Binaries/Win64/../../../Engine/Shaders/DistortAccumulatePS.usf" 322
"D:/Program Files/Epic Games/4.9/Engine/Binaries/Win64/../../../Engine/Shaders/DistortAccumulateVS.usf" 323
"D:/Program Files/Epic Games/4.9/Engine/Binaries/Win64/../../../Engine/Shaders/DistortApplyScreenPS.usf" 324
"D:/Program Files/Epic Games/4.9/Engine/Binaries/Win64/../../../Engine/Shaders/DistanceFieldSurfaceCacheLighting.usf" 325
"D:/Program Files/Epic Games/4.9/Engine/Binaries/Win64/../../../Engine/Shaders/SkyLighting.usf" 326
"D:/Program Files/Epic Games/4.9/Engine/Binaries/Win64/../../../Engine/Shaders/DistanceFieldSurfaceCacheLightingCompute.usf" 327
"D:/Program Files/Epic Games/4.9/Engine/Binaries/Win64/../../../Engine/Shaders/DistanceFieldShadowing.usf" 328
"D:/Program Files/Epic Games/4.9/Engine/Binaries/Win64/../../../Engine/Shaders/DistanceFieldScreenGridLighting.usf" 329
"D:/Program Files/Epic Games/4.9/Engine/Binaries/Win64/../../../Engine/Shaders/DistanceFieldLightingPost.usf" 330
"D:/Program Files/Epic Games/4.9/Engine/Binaries/Win64/../../../Engine/Shaders/DistanceFieldGlobalIllumination.usf" 331
"D:/Program Files/Epic Games/4.9/Engine/Binaries/Win64/../../../Engine/Shaders/DepthOnlyPixelShader.usf" 332
"D:/Program Files/Epic Games/4.9/Engine/Binaries/Win64/../../../Engine/Shaders/DepthOnlyVertexShader.usf" 333
"D:/Program Files/Epic Games/4.9/Engine/Binaries/Win64/../../../Engine/Shaders/PositionOnlyDepthVertexShader.usf" 334
"D:/Program Files/Epic Games/4.9/Engine/Binaries/Win64/../../../Engine/Shaders/DownsampleDepthPixelShader.usf" 335
"D:/Program Files/Epic Games/4.9/Engine/Binaries/Win64/../../../Engine/Shaders/EvaluateSurfelMaterial.usf" 336
"D:/Program Files/Epic Games/4.9/Engine/Binaries/Win64/../../../Engine/Shaders/ConvertToUniformMesh.usf" 337
"D:/Program Files/Epic Games/4.9/Engine/Binaries/Win64/../../../Engine/Shaders/BasePassPixelShader.usf" 338
"D:/Program Files/Epic Games/4.9/Engine/Binaries/Win64/../../../Engine/Shaders/BasePassCommon.usf" 339
"D:/Program Files/Epic Games/4.9/Engine/Binaries/Win64/../../../Engine/Shaders/ForEachLight.usf" 340
"D:/Program Files/Epic Games/4.9/Engine/Binaries/Win64/../../../Engine/Shaders/BasePassVertexShader.usf" 341
"D:/Program Files/Epic Games/4.9/Engine/Binaries/Win64/../../../Engine/Shaders/BasePassVertexCommon.usf" 342
"D:/Program Files/Epic Games/4.9/Engine/Binaries/Win64/../../../Engine/Shaders/BasePassTessellationShaders.usf" 343
"D:/Program Files/Epic Games/4.9/Engine/Binaries/Win64/../../../Engine/Shaders/AtmospherePrecompute.usf" 344
"D:/Program Files/Epic Games/4.9/Engine/Binaries/Win64/../../../Engine/Shaders/AtmospherePrecomputeCommon.usf" 345
"D:/Program Files/Epic Games/4.9/Engine/Binaries/Win64/../../../Engine/Shaders/AtmospherePrecomputeInscatter.usf" 346
"D:/Program Files/Epic Games/4.9/Engine/Binaries/Win64/../../../Engine/Shaders/AtmosphericFogShader.usf" 347
"D:/Program Files/Epic Games/4.9/Engine/Binaries/Win64/../../../Engine/Shaders/ResolveVertexShader.usf" 348
"D:/Program Files/Epic Games/4.9/Engine/Binaries/Win64/../../../Engine/Shaders/ResolvePixelShader.usf" 349
"D:/Program Files/Epic Games/4.9/Engine/Binaries/Win64/../../../Engine/Shaders/OneColorShader.usf" 350
"D:/Program Files/Epic Games/4.9/Engine/Binaries/Win64/../../../Engine/Shaders/MediaShaders.usf" 351
"D:/Program Files/Epic Games/4.9/Engine/Binaries/Win64/../../../Engine/Shaders/ClearReplacementShaders.usf" 352
"D:/Program Files/Epic Games/4.9/Engine/Binaries/Win64/../../../Engine/Shaders/SimpleElementTexture2DPreviewPixelShader.usf" 353
"D:/Program Files/Epic Games/4.9/Engine/Binaries/Win64/../../../Engine/Shaders/SimpleElementNormalMapPixelShader.usf" 354
"D:/Program Files/Epic Games/4.9/Engine/Binaries/Win64/../../../Engine/Shaders/meshpaintdilatepixelshader.usf" 355
"D:/Program Files/Epic Games/4.9/Engine/Binaries/Win64/../../../Engine/Shaders/meshpaintdilatevertexshader.usf" 356
"D:/Program Files/Epic Games/4.9/Engine/Binaries/Win64/../../../Engine/Shaders/MeshPaintPixelShader.usf" 357
"D:/Program Files/Epic Games/4.9/Engine/Binaries/Win64/../../../Engine/Shaders/MeshPaintVertexShader.usf" 358
"../../../Engine/Config/Android/AndroidEngine.ini" 359
"../../../Engine/Config/IOS/IOSEngine.ini" 360
"../../../Engine/Config/Linux/LinuxEngine.ini" 361
"C:/Users/cdros/AppData/Local/UnrealEngine/4.9/DerivedDataCache/Boot.ddc" 362
"../../../Engine/DerivedDataCache/Compressed.ddp" 363
"../../../Engine/Content/EngineFonts/Roboto.uasset" 364
"../../../Engine/Content/EngineMaterials/Widget3DPassThrough_Translucent.uasset" 365
"../../../Engine/Content/EngineMaterials/Widget3DPassThrough.uasset" 366
"../../../Engine/Content/Functions/Engine_MaterialFunctions02/Texturing/ScreenAlignedUVs.uasset" 367
"../../../Engine/Content/EngineResources/WhiteSquareTexture.uasset" 368
"../../../Engine/Content/Functions/Engine_MaterialFunctions01/Shading/PowerToRoughness.uasset" 369
"../../../Engine/Content/Functions/Engine_MaterialFunctions01/Shading/ConvertFromDiffSpec.uasset" 370
"../../../Engine/Content/EngineMaterials/WorldGridMaterial.uasset" 371
"../../../Engine/Content/Functions/Engine_MaterialFunctions01/Opacity/CameraDepthFade.uasset" 372
"../../../Engine/Content/EngineMaterials/T_Default_Material_Grid_M.uasset" 373
"../../../Engine/Content/EngineMaterials/T_Default_Material_Grid_N.uasset" 374
"../../../Engine/Content/EngineMaterials/DefaultDeferredDecalMaterial.uasset" 375
"../../../Engine/Content/EngineMaterials/DefaultDiffuse.uasset" 376
"../../../Engine/Content/EngineMaterials/DefaultLightFunctionMaterial.uasset" 377
"../../../Engine/Content/EngineMaterials/DefaultPostProcessMaterial.uasset" 378
"../../../Engine/Content/Functions/Engine_MaterialFunctions02/Utility/BreakOutFloat2Components.uasset" 379
"../../../Engine/Content/EngineResources/DefaultTexture.uasset" 380
"../../../Engine/Content/EngineMaterials/Widget3DPassThrough_Translucent_OneSided.uasset" 381
"../../../Engine/Content/EngineMaterials/Widget3DPassThrough_Opaque.uasset" 382
"../../../Engine/Content/EngineMaterials/Widget3DPassThrough_Opaque_OneSided.uasset" 383
"../../../Engine/Content/EngineMaterials/Widget3DPassThrough_Masked.uasset" 384
"../../../Engine/Content/EngineMaterials/Widget3DPassThrough_Masked_OneSided.uasset" 385
"../../../Engine/Content/EditorResources/S_Actor.uasset" 386
"E:/Projects/UE4/Unreal Projects/Element54/Element54/Saved/Config/Windows/TemplateDefs.ini" 387
"E:/Projects/UE4/Unreal Projects/Element54/Element54/Intermediate/Config/CoalescedSourceConfigs/TemplateDefs.ini" 388
"E:/Projects/UE4/Unreal Projects/Element54/Element54/Saved/Config/Windows/GameplayTags.ini" 389
"E:/Projects/UE4/Unreal Projects/Element54/Element54/Intermediate/Config/CoalescedSourceConfigs/GameplayTags.ini" 390
"../../../Engine/Content/Maps/Templates/Thumbnails/Default.uasset" 391
"../../../Engine/Content/EditorMaterials/ParticleSystems/PSysThumbnail_NoImage.uasset" 392
"../../../Engine/Content/EditorMaterials/ParticleSystems/PSysThumbnail_OOD.uasset" 393
"../../../Engine/Content/EditorLandscapeResources/DataLayer.uasset" 394
"../../../Engine/Content/EngineDamageTypes/DmgTypeBP_Environmental.uasset" 395
"..\..\..\Engine\Content\Internationalization\icudt53l\numberingSystems.res" 396
"..\..\..\Engine\Content\Internationalization\icudt53l\curr\supplementalData.res" 397
"..\..\..\Engine\Content\Internationalization\icudt53l\curr\pool.res" 398
"..\..\..\Engine\Content\Internationalization\icudt53l\curr\en_GB.res" 399
"..\..\..\Engine\Content\Internationalization\icudt53l\curr\en_001.res" 400
"..\..\..\Engine\Content\Internationalization\icudt53l\curr\en.res" 401
"..\..\..\Engine\Content\Internationalization\icudt53l\curr\root.res" 402
"../../../Engine/Content/EngineMeshes/Sphere.uasset" 403
"../../../Engine/Content/EngineFonts/RobotoDistanceField.uasset" 404
"../../../Engine/Content/EngineMaterials/DefaultTextMaterialOpaque.uasset" 405
"../../../Engine/Content/EditorResources/S_Trigger.uasset" 406
"../../../Engine/Content/EngineResources/GradientTexture0.uasset" 407
"../../../Engine/Content/EngineResources/Black.uasset" 408
"../../../Engine/Content/EditorMaterials/MatineeGroups/MAT_Groups_Float.uasset" 409
"../../../Engine/Content/EditorMaterials/MatineeGroups/MAT_Groups_Director.uasset" 410
"../../../Engine/Content/EditorMaterials/MatineeGroups/MAT_Groups_Event.uasset" 411
"../../../Engine/Content/EditorMaterials/MatineeGroups/MAT_Groups_Anim.uasset" 412
"../../../Engine/Content/EditorMaterials/MatineeGroups/MAT_Groups_Fade.uasset" 413
"../../../Engine/Content/EditorMaterials/MatineeGroups/MAT_Groups_Move.uasset" 414
"../../../Engine/Content/EditorMaterials/MatineeGroups/MAT_Groups_Slomo.uasset" 415
"../../../Engine/Content/EditorMaterials/MatineeGroups/MAT_ColorTrack.uasset" 416
"../../../Engine/Content/EditorMaterials/MAT_Groups_Toggle.uasset" 417
"../../../Engine/Content/EditorMaterials/MatineeGroups/MAT_Groups_AudioMaster.uasset" 418
"../../../Engine/Content/EditorMaterials/MatineeGroups/MAT_Groups_Sound.uasset" 419
"../../../Engine/Content/EditorMaterials/MatineeGroups/MAT_Groups_Vector.uasset" 420
"../../../Engine/Content/EditorMaterials/MAT_Groups_Visibility.uasset" 421
"../../../Engine/Content/EngineResources/DefaultTextureCube.uasset" 422
"../../../Engine/Content/EngineSounds/Master.uasset" 423
"../../../Engine/Content/EngineSounds/Music.uasset" 424
"../../../Engine/Content/EngineSounds/SFX.uasset" 425
"../../../Engine/Content/EngineSounds/Normal_Attack.uasset" 426
"../../../Engine/Content/EngineSounds/Special_Attack_PSM.uasset" 427
"../../../Engine/Content/EngineSounds/Duck_Normal_Attack_MixMod.uasset" 428
"../../../Engine/Content/EngineSounds/Voice.uasset" 429
"../../../Engine/Content/EngineMeshes/Cylinder.uasset" 430
"../../../Engine/Content/EngineMaterials/DefaultMaterial.uasset" 431
"../../../Engine/Content/EngineTireTypes/DefaultTireType.uasset" 432
"../../../Engine/Content/Editor/Slate/Fonts/FontAwesome.ttf" 433
"../../../Engine/Content/Editor/Slate/Fonts/DroidSansMono.ttf" 434
"../../../Engine/Content/Editor/Slate/Fonts/Roboto-BoldCondensed.ttf" 435
"../../../Engine/Content/Editor/Slate/Fonts/Roboto-Black.ttf" 436
"../../../Engine/Content/Editor/Slate/Fonts/Roboto-Italic.ttf" 437
"../../../Engine/Content/Editor/Slate/Fonts/Roboto-BoldCondensedItalic.ttf" 438
"..\..\..\Engine\Content\Internationalization\icudt53l\coll\ucadata.icu" 439
"..\..\..\Engine\Content\Internationalization\icudt53l\nfc.nrm" 440
"..\..\..\Engine\Content\Internationalization\icudt53l\coll\en.res" 441
"..\..\..\Engine\Content\Internationalization\icudt53l\coll\root.res" 442
"../../../Engine/Content/EngineResources/AICON-Red.uasset" 443
"../../../Engine/Content/EngineResources/AICON-Green.uasset" 444
"../../../Engine/Content/Tutorial/Basics/LevelEditorAttract.uasset" 445
"../../../Engine/Content/Tutorial/BlueprintTutorials/BlueprintEditorTutorial.uasset" 446
"../../../Engine/Content/Tutorial/BlueprintTutorials/TutorialAssets/Blueprint_64x.uasset" 447
"../../../Engine/Content/Tutorial/Basics/LevelEditorOverview.uasset" 448
"../../../Engine/Content/Tutorial/Basics/TutorialAssets/icon_tab_Levels_40x.uasset" 449
"E:/Projects/UE4/Unreal Projects/Element54/Element54/Content/TwinStickBP/TwinStickOverview.uasset" 450
"../../../Engine/Content/Tutorial/ContentIntroCurve.uasset" 451
"../../../Engine/Plugins/2D/Paper2D/Content/MaskedUnlitSpriteMaterial.uasset" 452
"../../../Engine/Plugins/2D/Paper2D/Content/DefaultSpriteMaterial.uasset" 453
"../../../Engine/Plugins/2D/Paper2D/Content/DummySpriteTexture.uasset" 454
"../../../Engine/Plugins/2D/Paper2D/Content/PlaceholderTextures/DummySpriteTexture.uasset" 455
"../../../Engine/Plugins/2D/Paper2D/Content/OpaqueUnlitSpriteMaterial.uasset" 456
"../../../Engine/Plugins/2D/Paper2D/Content/DefaultPaperTerrainMaterial.uasset" 457
"../../../Engine/Plugins/2D/Paper2D/Content/DummySprite.uasset" 458
"C:/Users/cdros/AppData/Local/UnrealEngine/4.9/Saved/Config/Windows/SourceControlSettings.ini" 459
"E:/Projects/UE4/Unreal Projects/Element54/Element54/Intermediate/Config/CoalescedSourceConfigs/SourceControlSettings.ini" 460
"E:/Projects/UE4/Unreal Projects/Element54/Element54/Saved/Config/Windows/SourceControlSettings.ini" 461
"../../../Engine/Plugins/Runtime/LeapMotionController/Content/LM_CapsuleMesh.uasset" 462
"../../../Engine/Plugins/Runtime/LeapMotionController/Content/LM_TorusMesh.uasset" 463
"../../../Engine/Plugins/Runtime/LeapMotionController/Content/LM_HandColor.uasset" 464
"../../../Engine/Plugins/Runtime/LeapMotionController/Content/LM_PassthroughMaterial.uasset" 465
"../../../Engine/Plugins/Runtime/LeapMotionController/Content/LM_SampleDistortion.uasset" 466
"../../../Engine/Plugins/Runtime/LeapMotionController/Content/LM_TestTexture.uasset" 467
"../../../Engine/Content/BasicShapes/Cube.uasset" 468
"E:/Projects/UE4/Unreal Projects/Element54/Element54/Intermediate/Config/CoalescedSourceConfigs/EditorUserSettings.ini" 469
"../../../Engine/Content/EngineMaterials/RemoveSurfaceMaterial.uasset" 470
"../../../Engine/Content/EngineDebugMaterials/DebugMeshMaterial.uasset" 471
"../../../Engine/Content/EngineMaterials/M_InvalidLightmapSettings.uasset" 472
"../../../Engine/Content/EngineMaterials/InvalidLightmapSettings.uasset" 473
"../../../Engine/Content/EditorMaterials/GizmoMaterial.uasset" 474
"../../../Engine/Content/EngineMaterials/Good64x64TilingNoiseHighFreq.uasset" 475
"../../../Engine/Content/EngineMaterials/DefaultBokeh.uasset" 476
"../../../Engine/Content/EngineMaterials/PreintegratedSkinBRDF.uasset" 477
"../../../Engine/Content/EngineMaterials/MiniFont.uasset" 478
"../../../Engine/Content/EngineMaterials/WeightMapPlaceholderTexture.uasset" 479
"../../../Engine/Content/EngineMaterials/DefaultWhiteGrid.uasset" 480
"../../../Engine/Content/EngineMaterials/DefaultPhysicalMaterial.uasset" 481
"../../../Engine/Content/EngineFonts/RobotoTiny.uasset" 482
"E:/Projects/UE4/Unreal Projects/Element54/Element54/Intermediate/CachedAssetRegistry.bin" 483
"E:/Projects/UE4/Unreal Projects/Element54/Element54/Saved/Cooked/Android_ETC1/Element54/CookedIniVersion.txt" 484
"../../../Engine/Config/HTML5/HTML5Engine.ini" 485
"../../../Engine/Content/MobileResources/HUD/VirtualJoystick_Thumb.uasset" 486
"E:/Projects/UE4/Unreal Projects/Element54/Element54/Content/TwinStickBP/Blueprints/TwinStickGameMode.uasset" 487
"E:/Projects/UE4/Unreal Projects/Element54/Element54/Content/TwinStickBP/Blueprints/TwinStickPawn.uasset" 488
"E:/Projects/UE4/Unreal Projects/Element54/Element54/Content/TwinStickBP/Blueprints/TwinStickProjectile.uasset" 489
"../../../Engine/Content/EditorBlueprintResources/StandardMacros.uasset" 490
"E:/Projects/UE4/Unreal Projects/Element54/Element54/Content/TwinStick/Meshes/TwinStickProjectile.uasset" 491
"E:/Projects/UE4/Unreal Projects/Element54/Element54/Content/TwinStick/Meshes/OrangeMaterial.uasset" 492
"E:/Projects/UE4/Unreal Projects/Element54/Element54/Content/TwinStick/Meshes/BaseMaterial.uasset" 493
"E:/Projects/UE4/Unreal Projects/Element54/Element54/Content/TwinStick/Audio/TwinStickFire.uasset" 494
"E:/Projects/UE4/Unreal Projects/Element54/Element54/Content/TwinStick/Meshes/TwinStickUFO.uasset" 495
"E:/Projects/UE4/Unreal Projects/Element54/Element54/Content/TwinStick/Meshes/BlueMaterial.uasset" 496
"../../../Engine/Content/EditorResources/BSPVertex.uasset" 497
"../../../Engine/Content/EngineDebugMaterials/WireframeMaterial.uasset" 498
"../../../Engine/Content/EngineDebugMaterials/GeomMaterial.uasset" 499
"../../../Engine/Content/EngineDebugMaterials/LevelColorationLitMaterial.uasset" 500
"../../../Engine/Content/EngineDebugMaterials/LevelColorationUnlitMaterial.uasset" 501
"../../../Engine/Content/EngineDebugMaterials/MAT_LevelColorationLitLightmapUV.uasset" 502
"../../../Engine/Content/EngineDebugMaterials/ShadedLevelColorationLitMaterial.uasset" 503
"../../../Engine/Content/EngineDebugMaterials/ShadedLevelColorationUnlitMateri.uasset" 504
"../../../Engine/Content/EngineDebugMaterials/VertexColorMaterial.uasset" 505
"../../../Engine/Content/EngineDebugMaterials/VertexColorViewMode_ColorOnly.uasset" 506
"../../../Engine/Content/EngineDebugMaterials/VertexColorViewMode_AlphaAsColor.uasset" 507
"../../../Engine/Content/EngineDebugMaterials/VertexColorViewMode_RedOnly.uasset" 508
"../../../Engine/Content/EngineDebugMaterials/VertexColorViewMode_GreenOnly.uasset" 509
"../../../Engine/Content/EngineDebugMaterials/VertexColorViewMode_BlueOnly.uasset" 510
"../../../Engine/Content/EngineDebugMaterials/BoneWeightMaterial.uasset" 511
"../../../Engine/Content/EngineDebugMaterials/HeatmapGradient.uasset" 512
"../../../Engine/Content/EditorMaterials/PhAT_JointLimitMaterial.uasset" 513
"../../../Engine/Content/EditorMaterials/PreviewShadowIndicatorMaterial.uasset" 514
"../../../Engine/Content/EditorMaterials/PreviewShadowIndicator.uasset" 515
"../../../Engine/Content/EngineMaterials/EditorBrushMaterial.uasset" 516
"../../../Engine/Content/EditorMeshes/ColorCalibrator/SM_ColorCalibrator.uasset" 517
"../../../Engine/Content/EditorMeshes/ColorCalibrator/M_ChromeBall.uasset" 518
"../../../Engine/Content/EditorMeshes/ColorCalibrator/M_ClearCoat.uasset" 519
"../../../Engine/Content/EditorMeshes/ColorCalibrator/M_ClearCoatBlack.uasset" 520
"../../../Engine/Content/EditorMeshes/ColorCalibrator/M_ColorGrid.uasset" 521
"../../../Engine/Content/EditorMeshes/ColorCalibrator/T_ColorGrid.uasset" 522
"../../../Engine/Content/EditorMeshes/ColorCalibrator/M_GreyBall.uasset" 523
"../../../Engine/Content/MobileResources/HUD/DefaultVirtualJoysticks.uasset" 524
"../../../Engine/Content/MobileResources/HUD/VirtualJoystick_Background.uasset" 525
"../../../Engine/Content/Tutorial/SubEditors/TutorialAssets/icon_Editor_Preferences_General_40x.uasset" 526
"../../../Engine/Content/Tutorial/Paper2D/TutorialAssets/Paper2DSprite_TutorialIcon.uasset" 527
"../../../Engine/Content/Tutorial/SubEditors/TutorialAssets/icon_ShowSkeletalMeshes_40x.uasset" 528
"../../../Engine/Content/Tutorial/Landscape/TutorialAssets/Landscape.uasset" 529
"../../../Engine/Content/Tutorial/Foliage/TutorialAssets/Foliage.uasset" 530
"../../../Engine/Content/Tutorial/SubEditors/StaticMeshEditorTutorial.uasset" 531
"../../../Engine/Content/EngineMeshes/Cube.uasset" 532
"../../../Engine/Content/Tutorial/BlueprintTutorials/BlueprintMacroLibrariesEditorOverview.uasset" 533
"../../../Engine/Content/Tutorial/BlueprintTutorials/TutorialAssets/BlueprintMacroLibrary_64x.uasset" 534
"../../../Engine/Content/Tutorial/BlueprintTutorials/TutorialAssets/Tutorial_BP_MacroLib.uasset" 535
"../../../Engine/Content/Tutorial/BlueprintTutorials/BlueprintInterfacesEditorOverview.uasset" 536
"../../../Engine/Content/Tutorial/BlueprintTutorials/TutorialAssets/BlueprintInterface_64x.uasset" 537
"../../../Engine/Content/Tutorial/BlueprintTutorials/TutorialAssets/Tutorial_BP_Interface.uasset" 538
"../../../Engine/Content/Tutorial/BlueprintTutorials/LevelBlueprintEditorOverview.uasset" 539
"../../../Engine/Content/Tutorial/SubEditors/DestructibleMeshEditorTutorial.uasset" 540
"../../../Engine/Content/Tutorial/SubEditors/TutorialAssets/Tutorial_DM.uasset" 541
"../../../Engine/Content/EditorMeshes/EditorCube.uasset" 542
"../../../Engine/Content/Tutorial/SubEditors/MaterialEditorTutorial.uasset" 543
"../../../Engine/Content/Tutorial/SubEditors/TutorialAssets/TutorialMaterial.uasset" 544
"../../../Engine/Content/Tutorial/SubEditors/ParticleSystemEditorTutorial.uasset" 545
"../../../Engine/Content/Tutorial/SubEditors/TutorialAssets/TutorialParticleSystem.uasset" 546
"../../../Engine/Content/Tutorial/SubEditors/TutorialAssets/M_smoke_subUV_blackbody.uasset" 547
"../../../Engine/Content/Tutorial/SubEditors/TutorialAssets/T_SmokeSubUV_8X8.uasset" 548
"../../../Engine/Content/Tutorial/SubEditors/TutorialAssets/T_soft_smoke.uasset" 549
"../../../Engine/Content/Tutorial/SubEditors/PersonaAnimEditorTutorial.uasset" 550
"../../../Engine/Content/Tutorial/SubEditors/PersonaAnimEditorWalkthrough.uasset" 551
"../../../Engine/Content/Tutorial/SubEditors/TutorialAssets/Character/NewBlendSpace1D.uasset" 552
"../../../Engine/Content/Tutorial/SubEditors/TutorialAssets/Character/Tutorial_Idle.uasset" 553
"../../../Engine/Content/Tutorial/SubEditors/TutorialAssets/Character/TutorialTPP_Skeleton.uasset" 554
"../../../Engine/Content/Tutorial/SubEditors/TutorialAssets/Character/Tutorial_Walk_Fwd.uasset" 555
"../../../Engine/Content/Tutorial/SubEditors/TutorialAssets/Character/TutorialTPP.uasset" 556
"../../../Engine/Content/Tutorial/SubEditors/TutorialAssets/Character/TutorialTPP_Mat.uasset" 557
"../../../Engine/Content/Tutorial/SubEditors/TutorialAssets/Character/TutorialTPP_PhysicsAsset.uasset" 558
"../../../Engine/Content/Tutorial/SubEditors/PersonaAnimBlueprintEditorWalkthrough.uasset" 559
"../../../Engine/Content/Tutorial/SubEditors/TutorialAssets/Character/TutorialTPP_AnimBlueprint.uasset" 560
"../../../Engine/Content/Tutorial/SubEditors/TutorialAssets/Character/TutorialCharacter.uasset" 561
"../../../Engine/Content/Tutorial/Paper2D/SpriteEditorTutorial.uasset" 562
"../../../Engine/Content/Tutorial/Paper2D/FlipbookEditorTutorial.uasset" 563
"../../../Engine/Content/Tutorial/Paper2D/TutorialAssets/Paper2DFlipbook_TutorialIcon.uasset" 564
"../../../Engine/Content/Tutorial/Landscape/Landscape_Manage_Mode.uasset" 565
"../../../Engine/Content/Tutorial/Landscape/Landscape_Sculpt_Mode.uasset" 566
"../../../Engine/Content/Tutorial/Landscape/Landscape_Painting_Mode.uasset" 567
"../../../Engine/Content/Tutorial/Foliage/Foliage_Intro_Tutorial.uasset" 568
"../../../Engine/Content/Tutorial/Foliage/Foliage_Using_The_Tool_Tutorial.uasset" 569
"../../../Engine/Content/Tutorial/Foliage/Foliage_Settings_Tutorial.uasset" 570
"C:/Users/cdros/AppData/Local/UnrealEngine/Common/DerivedDataCache/2/6/6/TEXTURE_814DCC3DC72143F49509781513CB9855_AUTOETC1_C45F0F7D439FAD52041B1EBC5A8A__D70A1D3B2335C1EE12B39BC408FA4D616AD2FFF5.udd" 571
"C:/Users/cdros/AppData/Local/UnrealEngine/Common/DerivedDataCache/8/3/8/TEXTURE_814DCC3DC72143F49509781513CB9855_AUTOETC1_FDD461EC4EDF5F99C659709B7A42__C8B2C65C1BA487E3720800B582FB10D024F07834.udd" 572
"C:/Users/cdros/AppData/Local/UnrealEngine/Common/DerivedDataCache/4/0/3/TEXTURE_814DCC3DC72143F49509781513CB9855_AUTOETC1_FDD461EC4EDF5F99C659709B7A42__19EA3428432418391095AD44132692F2B38BD2F4.udd" 573
"C:/Users/cdros/AppData/Local/UnrealEngine/Common/DerivedDataCache/6/4/7/TEXTURE_814DCC3DC72143F49509781513CB9855_AUTOETC1_FDD461EC4EDF5F99C659709B7A42__6473E285F185AD6E4A8DC9C4F54ECD5C549CDD28.udd" 574
"C:/Users/cdros/AppData/Local/UnrealEngine/Common/DerivedDataCache/9/4/7/TEXTURE_814DCC3DC72143F49509781513CB9855_AUTOETC1_FDD461EC4EDF5F99C659709B7A42__C76E0181F463119C7FE9FA0FAE20677FF9FCF519.udd" 575
"C:/Users/cdros/AppData/Local/UnrealEngine/Common/DerivedDataCache/4/9/2/TEXTURE_814DCC3DC72143F49509781513CB9855_AUTOETC1_565E0359430950FA252A118AF852__47DDF168A03789F62D431F2E0EE2547CB04064DB.udd" 576
"C:/Users/cdros/AppData/Local/UnrealEngine/Common/DerivedDataCache/0/2/2/TEXTURE_814DCC3DC72143F49509781513CB9855_AUTOETC1_565E0359430950FA252A118AF852__8EC7AA032E4C03BBD00D6F2854B72A30BB196CFA.udd" 577
"C:/Users/cdros/AppData/Local/UnrealEngine/Common/DerivedDataCache/3/0/6/TEXTURE_814DCC3DC72143F49509781513CB9855_AUTOETC1_565E0359430950FA252A118AF852__3CDCC7A028AA2DD31E2654D62E4CB3C7A024ED83.udd" 578
"C:/Users/cdros/AppData/Local/UnrealEngine/Common/DerivedDataCache/7/0/6/TEXTURE_814DCC3DC72143F49509781513CB9855_AUTOETC1_B21C1AFF42ACD5ADC8C382B3A090__73E9513DEF1A5092C629AB2EDC81757945065356.udd" 579
"C:/Users/cdros/AppData/Local/UnrealEngine/Common/DerivedDataCache/5/0/0/TEXTURE_814DCC3DC72143F49509781513CB9855_AUTOETC1_B21C1AFF42ACD5ADC8C382B3A090__D09FC154CB43670D5B5413A68DE48FD2A0936D7B.udd" 580
"C:/Users/cdros/AppData/Local/UnrealEngine/Common/DerivedDataCache/9/7/2/TEXTURE_814DCC3DC72143F49509781513CB9855_AUTOETC1_B21C1AFF42ACD5ADC8C382B3A090__35B28E40AA36AED6F18912E02B7C47E3729B4878.udd" 581
"C:/Users/cdros/AppData/Local/UnrealEngine/Common/DerivedDataCache/0/7/8/TEXTURE_814DCC3DC72143F49509781513CB9855_AUTOETC1_B21C1AFF42ACD5ADC8C382B3A090__4D323874B4BA3FB581A7B089BDC848D8EE046D70.udd" 582
"C:/Users/cdros/AppData/Local/UnrealEngine/Common/DerivedDataCache/1/1/8/TEXTURE_814DCC3DC72143F49509781513CB9855_AUTOETC1_B21C1AFF42ACD5ADC8C382B3A090__E488BD79ECAB7FAFDE59C6A95E6BA28D81D1A567.udd" 583
"C:/Users/cdros/AppData/Local/UnrealEngine/Common/DerivedDataCache/2/6/5/TEXTURE_814DCC3DC72143F49509781513CB9855_ETC1_15564967414184874DBCB89C44D5959C__F181D193C1836F7B4D89D3B7424ABEA433F1B8AD.udd" 584
"C:/Users/cdros/AppData/Local/UnrealEngine/Common/DerivedDataCache/2/8/3/TEXTURE_814DCC3DC72143F49509781513CB9855_ETC1_15564967414184874DBCB89C44D5959C__D639EA1A4A8E021BA2FC650D98746C5DF6E56DB7.udd" 585
"C:/Users/cdros/AppData/Local/UnrealEngine/Common/DerivedDataCache/9/6/9/TEXTURE_814DCC3DC72143F49509781513CB9855_AUTOETC1_55809E694EE7DB292235CC917A5C__B6F822935B2F0FED152AC31CB845D812CD80930A.udd" 586
"C:/Users/cdros/AppData/Local/UnrealEngine/Common/DerivedDataCache/9/2/1/TEXTURE_814DCC3DC72143F49509781513CB9855_AUTOETC1_55809E694EE7DB292235CC917A5C__C2D68B3D30837ED56C8F3B06A26D3F9C8D36DB0A.udd" 587
"C:/Users/cdros/AppData/Local/UnrealEngine/Common/DerivedDataCache/3/0/3/TEXTURE_814DCC3DC72143F49509781513CB9855_AUTOETC1_55809E694EE7DB292235CC917A5C__2220EA14812A4680C1DE26E5041E779ED23B8418.udd" 588
"C:/Users/cdros/AppData/Local/UnrealEngine/Common/DerivedDataCache/1/5/1/TEXTURE_814DCC3DC72143F49509781513CB9855_AUTOETC1_7BC0404946D77A8C093A10AE0677__80810EF16269804675B5137E682BE563649CD249.udd" 589
"C:/Users/cdros/AppData/Local/UnrealEngine/Common/DerivedDataCache/5/4/0/TEXTURE_814DCC3DC72143F49509781513CB9855_AUTOETC1_7BC0404946D77A8C093A10AE0677__262B0F33E6004ABD62E4A40B67EF4DC0693DFDAB.udd" 590
"C:/Users/cdros/AppData/Local/UnrealEngine/Common/DerivedDataCache/1/7/9/TEXTURE_814DCC3DC72143F49509781513CB9855_AUTOETC1_1EC0B18B47E75959952584B5D8D9__3B99657ABE8CCB80A17BC0EDA79809F9851372F5.udd" 591
"C:/Users/cdros/AppData/Local/UnrealEngine/Common/DerivedDataCache/7/9/7/TEXTURE_814DCC3DC72143F49509781513CB9855_AUTOETC1_3D7D3365419CADDBF5E531B12CF1__A65A9AD2572A8898DF7083896F97424138824265.udd" 592
"C:/Users/cdros/AppData/Local/UnrealEngine/Common/DerivedDataCache/2/5/0/TEXTURE_814DCC3DC72143F49509781513CB9855_AUTOETC1_3CAC1F094FB87A98E53D7D8A2464__11F17F4AFE525C958306D6EB1AE3CDDD5B6C976D.udd" 593
"C:/Users/cdros/AppData/Local/UnrealEngine/Common/DerivedDataCache/4/7/2/TEXTURE_814DCC3DC72143F49509781513CB9855_AUTOETC1_33CBEF834D7D60ED9D58E5940B7B__667CFEF6008FB5FE91D013D1914BEDF59918D273.udd" 594
"C:/Users/cdros/AppData/Local/UnrealEngine/Common/DerivedDataCache/9/7/3/TEXTURE_814DCC3DC72143F49509781513CB9855_AUTOETC1_CBF5B13548AB62E6A9ADA387D1FE__F71A258E05ABB167EB02D5C9A22EFDE9E3A9CF81.udd" 595
"C:/Users/cdros/AppData/Local/UnrealEngine/Common/DerivedDataCache/1/2/0/TEXTURE_814DCC3DC72143F49509781513CB9855_AUTOETC1_E38B68B34F759D23C6E5CD925E4D__EB951DF5A3DE1A93CBF566895B50594BEAFADF28.udd" 596
"C:/Users/cdros/AppData/Local/UnrealEngine/Common/DerivedDataCache/9/9/4/TEXTURE_814DCC3DC72143F49509781513CB9855_AUTOETC1_E55F8197440DD2855E7F4D9816C8__3FF7C93E035F68C82BF95A9B21A379B6D2E9CBF2.udd" 597
"C:/Users/cdros/AppData/Local/UnrealEngine/Common/DerivedDataCache/7/4/5/TEXTURE_814DCC3DC72143F49509781513CB9855_AUTOETC1_A6C0C4B74D09BE1A7E2C31B7CA77__84CA448C96071B985EB8A784D7975237DA5C8CF5.udd" 598
"C:/Users/cdros/AppData/Local/UnrealEngine/Common/DerivedDataCache/8/1/3/TEXTURE_814DCC3DC72143F49509781513CB9855_AUTOETC1_7D98C11E41884B4A67A497A07B02__44C003669667EF769DC2427B7AF261271ABC4461.udd" 599
"C:/Users/cdros/AppData/Local/UnrealEngine/Common/DerivedDataCache/3/7/2/TEXTURE_814DCC3DC72143F49509781513CB9855_AUTOETC1_74A80EB64112E46096AE17A812C2__977868BB8B9171E9423A364857926E61F5753E71.udd" 600
"C:/Users/cdros/AppData/Local/UnrealEngine/Common/DerivedDataCache/2/8/1/TEXTURE_814DCC3DC72143F49509781513CB9855_AUTOETC1_264ABDF14257816FFA9477A6F6A1__784B23D5DF75369AEC310988ACCAE1B443463AFC.udd" 601
"C:/Users/cdros/AppData/Local/UnrealEngine/Common/DerivedDataCache/1/2/0/TEXTURE_814DCC3DC72143F49509781513CB9855_AUTOETC1_025102BB43BBEAC3F07578891938__F3343506669D61017C91AAA12B449FDB45E5C338.udd" 602
"C:/Users/cdros/AppData/Local/UnrealEngine/Common/DerivedDataCache/7/7/2/TEXTURE_814DCC3DC72143F49509781513CB9855_AUTOETC1_C55865344733442FBAD7D29E0B65__372F48D3D7135B225E36DC983E15196133E48FD2.udd" 603
"C:/Users/cdros/AppData/Local/UnrealEngine/Common/DerivedDataCache/4/1/8/TEXTURE_814DCC3DC72143F49509781513CB9855_AUTOETC1_6A6029554EC6CEDCFFC9E0836D46__557F9EB7EE5FB69FC5FE408311C94B8135BCE13A.udd" 604
"C:/Users/cdros/AppData/Local/UnrealEngine/Common/DerivedDataCache/4/7/0/TEXTURE_814DCC3DC72143F49509781513CB9855_ETC1_C349D2FA2A30FC1134357D3272F2DC90__4231A3D6757BBDC8CA3D4984667DB578E2D0C097.udd" 605
"C:/Users/cdros/AppData/Local/UnrealEngine/Common/DerivedDataCache/6/6/7/TEXTURE_814DCC3DC72143F49509781513CB9855_AUTOETC1_09053A42486F57C671A2B9B0F627__F613C97CCF19C16E1ABA505EF0F79D3432D8B42E.udd" 606
"C:/Users/cdros/AppData/Local/UnrealEngine/Common/DerivedDataCache/4/2/5/TEXTURE_814DCC3DC72143F49509781513CB9855_AUTOETC1_B07BB94C4024838454154883B787__732C88388C05AC238D6E9B9C76CA627331A27C11.udd" 607
"C:/Users/cdros/AppData/Local/UnrealEngine/Common/DerivedDataCache/2/8/3/TEXTURE_814DCC3DC72143F49509781513CB9855_AUTOETC1_584A79B6465982423406428F0D77__13B45E301D3369C33C1B4FFEAE67BA250077E01E.udd" 608
"C:/Users/cdros/AppData/Local/UnrealEngine/Common/DerivedDataCache/1/7/7/TEXTURE_814DCC3DC72143F49509781513CB9855_AUTOETC1_584A79B6465982423406428F0D77__BDA2BD6F1B52CCA4931B668FF6FA755A23C6BFE4.udd" 609
"C:/Users/cdros/AppData/Local/UnrealEngine/Common/DerivedDataCache/7/2/4/TEXTURE_814DCC3DC72143F49509781513CB9855_AUTOETC1_F5B300EB4E4ACA2755332398BF63__297C070DDE8F7FF7257B1B0AFC4D321DC8C6A76F.udd" 610
"C:/Users/cdros/AppData/Local/UnrealEngine/Common/DerivedDataCache/0/0/1/TEXTURE_814DCC3DC72143F49509781513CB9855_AUTOETC1_2C8A101D47D0C7AC5EFF01B747F2__C3B8A8B268200822C45CDC6415105668DE3C4EDA.udd" 611
"C:/Users/cdros/AppData/Local/UnrealEngine/Common/DerivedDataCache/0/4/1/TEXTURE_814DCC3DC72143F49509781513CB9855_AUTOETC1_2C8A101D47D0C7AC5EFF01B747F2__9087B17C71CE5AAD606682868FAC7547DC48F95C.udd" 612
"C:/Users/cdros/AppData/Local/UnrealEngine/Common/DerivedDataCache/9/0/6/TEXTURE_814DCC3DC72143F49509781513CB9855_AUTOETC1_2C8A101D47D0C7AC5EFF01B747F2__21725D62D49E23AD972B3B28066D5EDAE15FC4A1.udd" 613
"C:/Users/cdros/AppData/Local/UnrealEngine/Common/DerivedDataCache/7/3/9/TEXTURE_814DCC3DC72143F49509781513CB9855_AUTOETC1_2C8A101D47D0C7AC5EFF01B747F2__79676ED14F31D565B7B75346BD20C98FE2C75B87.udd" 614
"C:/Users/cdros/AppData/Local/UnrealEngine/Common/DerivedDataCache/1/2/3/TEXTURE_814DCC3DC72143F49509781513CB9855_AUTOETC1_5075C5404C9665C57F66B49F2C5D__FA6B9CB67A3B9E6CFA8A11F35CCF4CBC103241C7.udd" 615
"C:/Users/cdros/AppData/Local/UnrealEngine/Common/DerivedDataCache/3/2/1/TEXTURE_814DCC3DC72143F49509781513CB9855_AUTOETC1_5075C5404C9665C57F66B49F2C5D__25157AE026C48BA8C733E8DFABF17919BA65CA74.udd" 616
"C:/Users/cdros/AppData/Local/UnrealEngine/Common/DerivedDataCache/2/5/5/TEXTURE_814DCC3DC72143F49509781513CB9855_AUTOETC1_5075C5404C9665C57F66B49F2C5D__1F738BD666421D1FBB0FAF3B6CF4A871631097D3.udd" 617
"C:/Users/cdros/AppData/Local/UnrealEngine/Common/DerivedDataCache/8/0/5/TEXTURE_814DCC3DC72143F49509781513CB9855_AUTOETC1_5075C5404C9665C57F66B49F2C5D__2FC8C6DF9CC9CA632BCF8D7740DC5D7543E3C174.udd" 618
"C:/Users/cdros/AppData/Local/UnrealEngine/Common/DerivedDataCache/3/3/4/TEXTURE_814DCC3DC72143F49509781513CB9855_AUTOETC1_B1F6A23D46761DA1743FBE984F9E__919788CAE17711C81A985EA6EA2CE2D6BA423C01.udd" 619
"C:/Users/cdros/AppData/Local/UnrealEngine/Common/DerivedDataCache/0/4/0/TEXTURE_814DCC3DC72143F49509781513CB9855_AUTOETC1_95D01D314436990422EF30A4E4FA__F80B9955E93ED4A60A294D3BC305ACB43F70A521.udd" 620
"C:/Users/cdros/AppData/Local/UnrealEngine/Common/DerivedDataCache/1/6/0/TEXTURE_814DCC3DC72143F49509781513CB9855_AUTOETC1_95D01D314436990422EF30A4E4FA__C09BC3A9B0D2DF0C378C328F59C00CED1DAA401F.udd" 621
"C:/Users/cdros/AppData/Local/UnrealEngine/Common/DerivedDataCache/0/9/6/TEXTURE_814DCC3DC72143F49509781513CB9855_AUTOETC1_6A00F1654C244F95E8B15E9A15BE__6A687B3F117203635CC82CABD2199DE2A112754F.udd" 622
"C:/Users/cdros/AppData/Local/UnrealEngine/Common/DerivedDataCache/2/4/1/TEXTURE_814DCC3DC72143F49509781513CB9855_AUTOETC1_A5E28525480F8268BF36ABA7EBDF__D0C4BC60F31DCD3DA4D4792D74D43DF0A29A50BF.udd" 623
"C:/Users/cdros/AppData/Local/UnrealEngine/Common/DerivedDataCache/0/4/4/TEXTURE_814DCC3DC72143F49509781513CB9855_AUTOETC1_A5E28525480F8268BF36ABA7EBDF__5C08348D567090A0FD1FA9F5B78B4BB31BD8BFC8.udd" 624
"C:/Users/cdros/AppData/Local/UnrealEngine/Common/DerivedDataCache/9/0/4/TEXTURE_814DCC3DC72143F49509781513CB9855_AUTOETC1_A5E28525480F8268BF36ABA7EBDF__A2C544526F565A37D5759A7E98704C1508DC0CFF.udd" 625
"C:/Users/cdros/AppData/Local/UnrealEngine/Common/DerivedDataCache/3/6/3/TEXTURE_814DCC3DC72143F49509781513CB9855_AUTOETC1_A5E28525480F8268BF36ABA7EBDF__E8D340F017AAEA3894B107603D947E44593091D4.udd" 626
"C:/Users/cdros/AppData/Local/UnrealEngine/Common/DerivedDataCache/1/3/8/TEXTURE_814DCC3DC72143F49509781513CB9855_ETC1_A1C52E6A43A1109B0752B4B5980EA23D__E66C4786213BB04A1F392202AAB98D55FA65D32A.udd" 627
"C:/Users/cdros/AppData/Local/UnrealEngine/Common/DerivedDataCache/5/5/3/TEXTURE_814DCC3DC72143F49509781513CB9855_ETC1_A1C52E6A43A1109B0752B4B5980EA23D__5232B3149F96501E8F17AA888BEFFA029B0A86C7.udd" 628
"C:/Users/cdros/AppData/Local/UnrealEngine/Common/DerivedDataCache/4/1/3/TEXTURE_814DCC3DC72143F49509781513CB9855_ETC1_A1C52E6A43A1109B0752B4B5980EA23D__E0A09DCE8E3296DAC0AC366BDF2FFAF4319F6D0C.udd" 629
"C:/Users/cdros/AppData/Local/UnrealEngine/Common/DerivedDataCache/1/7/9/TEXTURE_814DCC3DC72143F49509781513CB9855_ETC1_A1C52E6A43A1109B0752B4B5980EA23D__70E905FB9F2EA7F704C5BD99FAAA6ACAEE5DD15B.udd" 630
"C:/Users/cdros/AppData/Local/UnrealEngine/Common/DerivedDataCache/3/0/6/TEXTURE_814DCC3DC72143F49509781513CB9855_AUTOETC1_3648AA2A4A658DE90371B081D8DC__C41C0CA21DF7F2DD487E711B546A34DD806B40EC.udd" 631
"C:/Users/cdros/AppData/Local/UnrealEngine/Common/DerivedDataCache/8/9/4/TEXTURE_814DCC3DC72143F49509781513CB9855_AUTOETC1_3648AA2A4A658DE90371B081D8DC__07AE8E619EDEC8F5E52A7F140A49B3EE19041097.udd" 632
"C:/Users/cdros/AppData/Local/UnrealEngine/Common/DerivedDataCache/4/4/1/TEXTURE_814DCC3DC72143F49509781513CB9855_AUTOETC1_3648AA2A4A658DE90371B081D8DC__F732A41DBAB5986B67104D00F2BC2D1D748EE96E.udd" 633
"C:/Users/cdros/AppData/Local/UnrealEngine/Common/DerivedDataCache/8/2/4/TEXTURE_814DCC3DC72143F49509781513CB9855_AUTOETC1_3648AA2A4A658DE90371B081D8DC__2FAA2145D18B43083ABCA1139FC1B477FCA7C923.udd" 634
"C:/Users/cdros/AppData/Local/UnrealEngine/Common/DerivedDataCache/9/6/4/TEXTURE_814DCC3DC72143F49509781513CB9855_AUTOETC1_3648AA2A4A658DE90371B081D8DC__3175DC16CED16B495BA8E597089682884F4EFDB4.udd" 635
"C:/Users/cdros/AppData/Local/UnrealEngine/Common/DerivedDataCache/7/4/0/TEXTURE_814DCC3DC72143F49509781513CB9855_AUTOETC1_91A201FE4781221C42DEDE91696E__6F4E55FCE7C6F2B65676F88176899BD231D46883.udd" 636
"C:/Users/cdros/AppData/Local/UnrealEngine/Common/DerivedDataCache/2/7/8/TEXTURE_814DCC3DC72143F49509781513CB9855_AUTOETC1_91A201FE4781221C42DEDE91696E__6D57A14CC76E80645EA69083160DE0AD018BB67A.udd" 637
"C:/Users/cdros/AppData/Local/UnrealEngine/Common/DerivedDataCache/4/0/4/TEXTURE_814DCC3DC72143F49509781513CB9855_AUTOETC1_91A201FE4781221C42DEDE91696E__A9219497DD2300EA3520718E70090DB3A341588D.udd" 638
"C:/Users/cdros/AppData/Local/UnrealEngine/Common/DerivedDataCache/8/2/2/TEXTURE_814DCC3DC72143F49509781513CB9855_AUTOETC1_91A201FE4781221C42DEDE91696E__5189458CB7E4C4D3ED75CCC82D5ADDDB35A2FA0A.udd" 639
"../../../Engine/Content/MobileResources/HUD/T_Castle_ThumbstickInner.uasset" 640
"../../../Engine/Content/MobileResources/HUD/MobileHUDDirectionPad2.uasset" 641
"C:/Users/cdros/AppData/Local/UnrealEngine/Common/DerivedDataCache/0/0/3/TEXTURE_814DCC3DC72143F49509781513CB9855_AUTOETC1_F562DDF94D8D885AE92078A9DD77__856CB919E98933578DFFEC4CFAB62BB14D81E31A.udd" 642
"C:/Users/cdros/AppData/Local/UnrealEngine/Common/DerivedDataCache/8/7/4/TEXTURE_814DCC3DC72143F49509781513CB9855_AUTOETC1_F562DDF94D8D885AE92078A9DD77__11A02FE239E7A8FCF81B0D5EC9C5F9871569D25D.udd" 643
"C:/Users/cdros/AppData/Local/UnrealEngine/Common/DerivedDataCache/4/7/5/TEXTURE_814DCC3DC72143F49509781513CB9855_AUTOETC1_F562DDF94D8D885AE92078A9DD77__CFB2C4D30B68C76F3A3646C8D1F261C6851E4430.udd" 644
"../../../Engine/Content/MobileResources/HUD/AnalogHat.uasset" 645
"C:/Users/cdros/AppData/Local/UnrealEngine/Common/DerivedDataCache/6/8/3/TEXTURE_814DCC3DC72143F49509781513CB9855_AUTOETC1_2E1EE3B14D43A62B84881B8F5AAD__B01E18D73F532638B50DDEDF827FAA1860282136.udd" 646
"../../../Engine/Content/Maps/Entry.umap" 647
"../../../Engine/Content/EngineMaterials/DefaultNormal.uasset" 648
"C:/Users/cdros/AppData/Local/UnrealEngine/Common/DerivedDataCache/8/5/4/TEXTURE_814DCC3DC72143F49509781513CB9855_AUTOETC1_122003924E39A572EF68B5BAC8A9__13325DD553F218247EE660297591AE69DE54CD80.udd" 649
"C:/Users/cdros/AppData/Local/UnrealEngine/Common/DerivedDataCache/2/1/4/TEXTURE_814DCC3DC72143F49509781513CB9855_AUTOETC1_122003924E39A572EF68B5BAC8A9__48693624F0E1891D0EE02E5E6C92C5D18B943A57.udd" 650
"C:/Users/cdros/AppData/Local/UnrealEngine/Common/DerivedDataCache/6/1/4/TEXTURE_814DCC3DC72143F49509781513CB9855_AUTOETC1_122003924E39A572EF68B5BAC8A9__3FA0A83C3E924472AAFB54217E8BF113653DB397.udd" 651
"C:/Users/cdros/AppData/Local/UnrealEngine/Common/DerivedDataCache/7/7/2/TEXTURE_814DCC3DC72143F49509781513CB9855_AUTOETC1_122003924E39A572EF68B5BAC8A9__C892017FB3DDF0F30211697ACD39E63F080707AB.udd" 652
"C:/Users/cdros/AppData/Local/UnrealEngine/Common/DerivedDataCache/7/1/0/TEXTURE_814DCC3DC72143F49509781513CB9855_AUTOETC1_122003924E39A572EF68B5BAC8A9__007921604EBDFA0C7AB7474413FA9C2BB70991A4.udd" 653
"E:/Projects/UE4/Unreal Projects/Element54/Element54/Content/TwinStickBP/Maps/TwinStickExampleMap.umap" 654
"../../../Engine/Content/EngineSky/BP_Sky_Sphere.uasset" 655
"../../../Engine/Content/EngineSky/C_Sky_Cloud_Color.uasset" 656
"../../../Engine/Content/EngineSky/C_Sky_Horizon_Color.uasset" 657
"../../../Engine/Content/EngineSky/C_Sky_Zenith_Color.uasset" 658
"../../../Engine/Content/EngineSky/M_Sky_Panning_Clouds2.uasset" 659
"../../../Engine/Content/EngineSky/T_Sky_Blue.uasset" 660
"../../../Engine/Content/EngineSky/T_Sky_Clouds_M.uasset" 661
"../../../Engine/Content/EngineSky/T_Sky_Stars.uasset" 662
"../../../Engine/Content/EngineSky/SM_SkySphere.uasset" 663
"../../../Engine/Content/EngineMaterials/AntiAliasedTextMaterialTranslucent.uasset" 664
"../../../Engine/Content/Functions/Engine_MaterialFunctions03/Procedurals/ComputeFilterWidth.uasset" 665
"E:/Projects/UE4/Unreal Projects/Element54/Element54/Content/Geometry/Meshes/CubeMaterial.uasset" 666
"E:/Projects/UE4/Unreal Projects/Element54/Element54/Content/Geometry/Meshes/1M_Cube.uasset" 667
"E:/Projects/UE4/Unreal Projects/Element54/Element54/Content/Geometry/Meshes/1M_Cube_Chamfer.uasset" 668
"C:/Users/cdros/AppData/Local/UnrealEngine/Common/DerivedDataCache/7/2/5/PHYSX_1D9C17C451EA4FB88CB7A27536A65DB0_PHYSXPC_FFE5BEDB41C40A2C044126858EE0FDE__714C0078C7860EC073814244A83FF8E787F879D0.udd" 669
"C:/Users/cdros/AppData/Local/UnrealEngine/Common/DerivedDataCache/0/5/6/NAVCOLLISION_B89838347A4348138EE337A847529C5C_NAVCOLLISION_X_FFE5BEDB41C40A2C0__09FE23ADD471C17E438AA5BAB87AD783E6FEA721.udd" 670
"C:/Users/cdros/AppData/Local/UnrealEngine/Common/DerivedDataCache/4/8/9/MATSM_984AFA3849534FAA8491540B994BD32E_GLSL_ES2_3857__BC5N_DEV_SL_NODBUF1C10B6__499589FE3E5C769ADFDF94E178C0796243E3ADF2.udd" 671
"C:/Users/cdros/AppData/Local/UnrealEngine/Common/DerivedDataCache/5/5/5/PHYSX_1D9C17C451EA4FB88CB7A27536A65DB0_PHYSXPC_DAD7A4FF4BE2DD62A59985A73A24E69__13A1665530CC766DC054CB7EB53E5E577A31132C.udd" 672
"C:/Users/cdros/AppData/Local/UnrealEngine/Common/DerivedDataCache/2/3/1/NAVCOLLISION_B89838347A4348138EE337A847529C5C_NAVCOLLISION_X_DAD7A4FF4BE2DD62A__D90996374726EF1D6917FFE74B0DB328ACEA66B6.udd" 673
"C:/Users/cdros/AppData/Local/UnrealEngine/Common/DerivedDataCache/4/4/8/TEXTURE_814DCC3DC72143F49509781513CB9855_AUTOETC1_39C0EF444F8E457A2E7EA4BFB760__6BED075DE722897050FC011C50B80337410DA5F4.udd" 674
"C:/Users/cdros/AppData/Local/UnrealEngine/Common/DerivedDataCache/2/0/1/TEXTURE_814DCC3DC72143F49509781513CB9855_AUTOETC1_A5BF553745417D290F6219B59DA5__9ED3C822F296B7B4F8FC0DA52B7D34D2ABD15189.udd" 675
"C:/Users/cdros/AppData/Local/UnrealEngine/Common/DerivedDataCache/1/3/4/TEXTURE_814DCC3DC72143F49509781513CB9855_AUTOETC1_DEF418DB47E5A12FFB7D148BC4CD__289CF3C12CE646E04C0CA9B45976A40D7E229CE9.udd" 676
"C:/Users/cdros/AppData/Local/UnrealEngine/Common/DerivedDataCache/1/3/0/TEXTURE_814DCC3DC72143F49509781513CB9855_AUTOETC1_39C0EF444F8E457A2E7EA4BFB760__5FC58D07C79CB507EB1E14638C8282366D45C12F.udd" 677
"C:/Users/cdros/AppData/Local/UnrealEngine/Common/DerivedDataCache/7/3/8/TEXTURE_814DCC3DC72143F49509781513CB9855_AUTOETC1_39C0EF444F8E457A2E7EA4BFB760__3C26A64BF7F7A44EB695E2BC3165D2676E1A193A.udd" 678
"C:/Users/cdros/AppData/Local/UnrealEngine/Common/DerivedDataCache/5/8/5/TEXTURE_814DCC3DC72143F49509781513CB9855_AUTOETC1_A5BF553745417D290F6219B59DA5__D35668D8710B7620D415760391D85AED51AB4ED0.udd" 679
"C:/Users/cdros/AppData/Local/UnrealEngine/Common/DerivedDataCache/9/5/6/TEXTURE_814DCC3DC72143F49509781513CB9855_AUTOETC1_DEF418DB47E5A12FFB7D148BC4CD__973A976593ED58B55C3DF2F1A3C85038CB54233D.udd" 680
"C:/Users/cdros/AppData/Local/UnrealEngine/Common/DerivedDataCache/0/3/7/TEXTURE_814DCC3DC72143F49509781513CB9855_AUTOETC1_39C0EF444F8E457A2E7EA4BFB760__473462CB3323D2FC9082320E8A92D3FA11F7F96B.udd" 681
"C:/Users/cdros/AppData/Local/UnrealEngine/Common/DerivedDataCache/4/4/8/TEXTURE_814DCC3DC72143F49509781513CB9855_AUTOETC1_39C0EF444F8E457A2E7EA4BFB760__01CE58643206895B27CA280FD6EF23B5176E9573.udd" 682
"C:/Users/cdros/AppData/Local/UnrealEngine/Common/DerivedDataCache/5/3/5/TEXTURE_814DCC3DC72143F49509781513CB9855_AUTOETC1_4FA6494F4C6B2B74ABCAC5AA197F__D85E308328DDBD59CE72F2A653085360054F2184.udd" 683
"C:/Users/cdros/AppData/Local/UnrealEngine/Common/DerivedDataCache/5/5/0/TEXTURE_814DCC3DC72143F49509781513CB9855_AUTOETC1_A5BF553745417D290F6219B59DA5__16321D0D3A4A9BCC2A2E2E156272C41A100D31B7.udd" 684
"C:/Users/cdros/AppData/Local/UnrealEngine/Common/DerivedDataCache/5/4/3/TEXTURE_814DCC3DC72143F49509781513CB9855_AUTOETC1_DEF418DB47E5A12FFB7D148BC4CD__A05EBB5EC88E8E776B90C3A225E33C9275BD7C59.udd" 685
"C:/Users/cdros/AppData/Local/UnrealEngine/Common/DerivedDataCache/3/0/3/TEXTURE_814DCC3DC72143F49509781513CB9855_AUTOETC1_4FA6494F4C6B2B74ABCAC5AA197F__5124608EFD1972D682D5BC470D5639F77CEF0821.udd" 686
"C:/Users/cdros/AppData/Local/UnrealEngine/Common/DerivedDataCache/8/6/4/TEXTURE_814DCC3DC72143F49509781513CB9855_AUTOETC1_A5BF553745417D290F6219B59DA5__B9C9060A4B02306108B796A634EB5B32C3B7CB88.udd" 687
"C:/Users/cdros/AppData/Local/UnrealEngine/Common/DerivedDataCache/2/2/3/TEXTURE_814DCC3DC72143F49509781513CB9855_AUTOETC1_DEF418DB47E5A12FFB7D148BC4CD__21C83610D5DB654DAF292BF86A72D3B8B6FC6227.udd" 688
"C:/Users/cdros/AppData/Local/UnrealEngine/Common/DerivedDataCache/6/6/1/TEXTURE_814DCC3DC72143F49509781513CB9855_AUTOETC1_E56B2677407E5600BA17AD91D102__3600AD95A9F7B0881AF4410C0171C2D4BE3E7E45.udd" 689
"C:/Users/cdros/AppData/Local/UnrealEngine/Common/DerivedDataCache/3/4/2/TEXTURE_814DCC3DC72143F49509781513CB9855_AUTOETC1_7BD1BD6247AEAE39730DD6895067__FB801C4ACB9D853DF24BA8DC162DB1D2F8BB65AE.udd" 690
"C:/Users/cdros/AppData/Local/UnrealEngine/Common/DerivedDataCache/0/3/6/TEXTURE_814DCC3DC72143F49509781513CB9855_AUTOETC1_E56B2677407E5600BA17AD91D102__4FA78117818CC519DBB6D7E8D69D5DA7E44132CD.udd" 691
"C:/Users/cdros/AppData/Local/UnrealEngine/Common/DerivedDataCache/9/9/9/TEXTURE_814DCC3DC72143F49509781513CB9855_AUTOETC1_7BD1BD6247AEAE39730DD6895067__037DF9559ECEA2A867D4A23F46FE7F995D7851EC.udd" 692
"C:/Users/cdros/AppData/Local/UnrealEngine/Common/DerivedDataCache/8/9/8/TEXTURE_814DCC3DC72143F49509781513CB9855_AUTOETC1_5D37D6534503B4DCC38FBFB62B73__9378F703AF136A2759FE8708A22D7DEF459BBF38.udd" 693
"C:/Users/cdros/AppData/Local/UnrealEngine/Common/DerivedDataCache/0/8/3/TEXTURE_814DCC3DC72143F49509781513CB9855_AUTOETC1_4FA6494F4C6B2B74ABCAC5AA197F__5188B9F0E8499C59EDC35BB9C1F0153A700778F9.udd" 694
"C:/Users/cdros/AppData/Local/UnrealEngine/Common/DerivedDataCache/4/9/8/TEXTURE_814DCC3DC72143F49509781513CB9855_AUTOETC1_D0B2242047814ADF4F4C20A4469F__0A8F6BC0F2C8CD35C4FEE73ECEB5A0FB16922A5A.udd" 695
"C:/Users/cdros/AppData/Local/UnrealEngine/Common/DerivedDataCache/6/9/4/TEXTURE_814DCC3DC72143F49509781513CB9855_AUTOETC1_D0B2242047814ADF4F4C20A4469F__4B5691C9B12D92E9649E1A78FD9830A7BC64BB5C.udd" 696
"C:/Users/cdros/AppData/Local/UnrealEngine/Common/DerivedDataCache/8/8/3/TEXTURE_814DCC3DC72143F49509781513CB9855_AUTOETC1_37C802484EF99988693982BDF8D1__15268F7CB46396DDC52EC00736248723B3BD4383.udd" 697
"C:/Users/cdros/AppData/Local/UnrealEngine/Common/DerivedDataCache/7/2/8/TEXTURE_814DCC3DC72143F49509781513CB9855_AUTOETC1_37C802484EF99988693982BDF8D1__BC8B3C1FBBC6FF8BCF255F803DFE42AE969AA559.udd" 698
"C:/Users/cdros/AppData/Local/UnrealEngine/Common/DerivedDataCache/5/5/5/TEXTURE_814DCC3DC72143F49509781513CB9855_AUTOETC1_4FA6494F4C6B2B74ABCAC5AA197F__AE976939A6CCB106F251F25197B54E74F553C283.udd" 699
"C:/Users/cdros/AppData/Local/UnrealEngine/Common/DerivedDataCache/0/0/2/TEXTURE_814DCC3DC72143F49509781513CB9855_AUTOETC1_D0B2242047814ADF4F4C20A4469F__C41CF16C530F49F81350D94630D2AA4243A0697A.udd" 700
"C:/Users/cdros/AppData/Local/UnrealEngine/Common/DerivedDataCache/1/0/4/TEXTURE_814DCC3DC72143F49509781513CB9855_AUTOETC1_E56B2677407E5600BA17AD91D102__BEACEFC859D70D92D99EFA482ABAE0DC679755EF.udd" 701
"C:/Users/cdros/AppData/Local/UnrealEngine/Common/DerivedDataCache/3/1/8/TEXTURE_814DCC3DC72143F49509781513CB9855_AUTOETC1_37C802484EF99988693982BDF8D1__61A807415077E6233BB77F28B95A13F8BC7213B4.udd" 702
"C:/Users/cdros/AppData/Local/UnrealEngine/Common/DerivedDataCache/1/9/5/TEXTURE_814DCC3DC72143F49509781513CB9855_AUTOETC1_0004AE844FB268CD251D9BB974F7__9AAD139A58D6661C54ECA86928161F4D5144EB28.udd" 703
"C:/Users/cdros/AppData/Local/UnrealEngine/Common/DerivedDataCache/6/5/0/TEXTURE_814DCC3DC72143F49509781513CB9855_AUTOETC1_37C802484EF99988693982BDF8D1__B8CEF70E7CAEB6319621C225F6569E0336EEE6A1.udd" 704
"C:/Users/cdros/AppData/Local/UnrealEngine/Common/DerivedDataCache/1/8/8/TEXTURE_814DCC3DC72143F49509781513CB9855_AUTOETC1_0004AE844FB268CD251D9BB974F7__C7F63F5EC5CBC219355D919B7B6CD4AF144ECE6D.udd" 705
"C:/Users/cdros/AppData/Local/UnrealEngine/Common/DerivedDataCache/9/3/0/TEXTURE_814DCC3DC72143F49509781513CB9855_AUTOETC1_D0B2242047814ADF4F4C20A4469F__36E608ACCA8FBC9905C602A64363A6C80CD8FFBA.udd" 706
"C:/Users/cdros/AppData/Local/UnrealEngine/Common/DerivedDataCache/7/4/2/TEXTURE_814DCC3DC72143F49509781513CB9855_AUTOETC1_D0B2242047814ADF4F4C20A4469F__16E03E164451B2B2E66959735BA8D64282DDC1BC.udd" 707
"C:/Users/cdros/AppData/Local/UnrealEngine/Common/DerivedDataCache/5/7/8/TEXTURE_814DCC3DC72143F49509781513CB9855_AUTOETC1_0C62F37F4751C46E532CFA9F3C54__26355F830620918F884F492A513555317A326B0A.udd" 708
"C:/Users/cdros/AppData/Local/UnrealEngine/Common/DerivedDataCache/9/4/2/TEXTURE_814DCC3DC72143F49509781513CB9855_AUTOETC1_0004AE844FB268CD251D9BB974F7__C5394D51D295A9F999F18BE12725BFFB75E93D34.udd" 709
"C:/Users/cdros/AppData/Local/UnrealEngine/Common/DerivedDataCache/9/8/0/TEXTURE_814DCC3DC72143F49509781513CB9855_AUTOETC1_E56B2677407E5600BA17AD91D102__F2F7273491F783B79DA6F173E63BF2A2933BCB3E.udd" 710
"C:/Users/cdros/AppData/Local/UnrealEngine/Common/DerivedDataCache/1/4/1/TEXTURE_814DCC3DC72143F49509781513CB9855_AUTOETC1_0C62F37F4751C46E532CFA9F3C54__00EB11EDDF40F0B10027BD07E385498767ECC0A9.udd" 711
"C:/Users/cdros/AppData/Local/UnrealEngine/Common/DerivedDataCache/5/3/8/TEXTURE_814DCC3DC72143F49509781513CB9855_AUTOETC1_45C134EB487C10D5F6687DAFC7DE__6CF9518D192137CA79EBC2ED1EF80B5D358E6514.udd" 712
"C:/Users/cdros/AppData/Local/UnrealEngine/Common/DerivedDataCache/5/0/9/TEXTURE_814DCC3DC72143F49509781513CB9855_AUTOETC1_45C134EB487C10D5F6687DAFC7DE__491166F1BDE7AD7B6ABE04BD910B15D41ACEF34E.udd" 713
"C:/Users/cdros/AppData/Local/UnrealEngine/Common/DerivedDataCache/9/4/0/TEXTURE_814DCC3DC72143F49509781513CB9855_AUTOETC1_0004AE844FB268CD251D9BB974F7__BFD2E1DABDBB9ABE706EFB7327A6D9139B47FCCB.udd" 714
"C:/Users/cdros/AppData/Local/UnrealEngine/Common/DerivedDataCache/8/8/9/TEXTURE_814DCC3DC72143F49509781513CB9855_AUTOETC1_2022524C4D10A3223DB46484A5FA__E0A1E6423D2C9B2C07121297564A77436D25BBD2.udd" 715
"C:/Users/cdros/AppData/Local/UnrealEngine/Common/DerivedDataCache/8/0/5/TEXTURE_814DCC3DC72143F49509781513CB9855_AUTOETC1_2022524C4D10A3223DB46484A5FA__6D5337222CE00D679AFC06DF42CC657A0BDD73F8.udd" 716
"C:/Users/cdros/AppData/Local/UnrealEngine/Common/DerivedDataCache/0/7/4/TEXTURE_814DCC3DC72143F49509781513CB9855_AUTOETC1_3CCB1AD841CF6EE0CBA86FAF464C__146659EB1111D6250D98AE5512611F270A0AD6DB.udd" 717
"C:/Users/cdros/AppData/Local/UnrealEngine/Common/DerivedDataCache/2/4/4/TEXTURE_814DCC3DC72143F49509781513CB9855_AUTOETC1_0C62F37F4751C46E532CFA9F3C54__222F5F768CFE969319AF7AA9972ADDE5CEAB8090.udd" 718
"C:/Users/cdros/AppData/Local/UnrealEngine/Common/DerivedDataCache/0/4/3/TEXTURE_814DCC3DC72143F49509781513CB9855_AUTOETC1_45C134EB487C10D5F6687DAFC7DE__B1554D5C8EAB694E261F6E8C454AEF9A9B92D3A9.udd" 719
"C:/Users/cdros/AppData/Local/UnrealEngine/Common/DerivedDataCache/6/6/7/TEXTURE_814DCC3DC72143F49509781513CB9855_AUTOETC1_0C62F37F4751C46E532CFA9F3C54__8A808880D44DFA0B6CDE6C0C6C647DACEBE46447.udd" 720
"C:/Users/cdros/AppData/Local/UnrealEngine/Common/DerivedDataCache/7/5/8/TEXTURE_814DCC3DC72143F49509781513CB9855_AUTOETC1_45C134EB487C10D5F6687DAFC7DE__65CE7DDF53963BF71C1754261693A79DFDF34565.udd" 721
"C:/Users/cdros/AppData/Local/UnrealEngine/Common/DerivedDataCache/7/8/5/TEXTURE_814DCC3DC72143F49509781513CB9855_AUTOETC1_C3E7A5CC4F363E58CB367E999DA6__E2142E8081DEE2E7293973FBEF6D5832B4D64B4A.udd" 722
"C:/Users/cdros/AppData/Local/UnrealEngine/Common/DerivedDataCache/1/8/6/TEXTURE_814DCC3DC72143F49509781513CB9855_AUTOETC1_AE4A0C35457C9635980310BF0EEE__489D045F31D56A45A1FB0BAE653D3F5A2F5F51D2.udd" 723
"C:/Users/cdros/AppData/Local/UnrealEngine/Common/DerivedDataCache/2/9/9/TEXTURE_814DCC3DC72143F49509781513CB9855_AUTOETC1_EA85F0444CEEC620058BA7901836__46C01B2A8B896189537A8A70EE1122395399DB67.udd" 724
"C:/Users/cdros/AppData/Local/UnrealEngine/Common/DerivedDataCache/2/1/8/TEXTURE_814DCC3DC72143F49509781513CB9855_AUTOETC1_FEE1BAE2444579CDBE96A0B2385A__0EAC478E367C0D4DC4CBB879C42E1EFE2A14678E.udd" 725
"C:/Users/cdros/AppData/Local/UnrealEngine/Common/DerivedDataCache/2/7/4/TEXTURE_814DCC3DC72143F49509781513CB9855_AUTOETC1_C3E7A5CC4F363E58CB367E999DA6__0B21FD71389227FF0788ACFD69E7188D6E45DA51.udd" 726
"C:/Users/cdros/AppData/Local/UnrealEngine/Common/DerivedDataCache/3/3/8/TEXTURE_814DCC3DC72143F49509781513CB9855_AUTOETC1_EA85F0444CEEC620058BA7901836__8BCA24A676F876ED32C806CF2B50CCC652FF4476.udd" 727
"C:/Users/cdros/AppData/Local/UnrealEngine/Common/DerivedDataCache/6/2/5/TEXTURE_814DCC3DC72143F49509781513CB9855_AUTOETC1_AE4A0C35457C9635980310BF0EEE__D481B2C7071F53A4AE538E586AFBEC0020590357.udd" 728
"C:/Users/cdros/AppData/Local/UnrealEngine/Common/DerivedDataCache/6/8/8/TEXTURE_814DCC3DC72143F49509781513CB9855_AUTOETC1_FEE1BAE2444579CDBE96A0B2385A__9DF176A12EB53B82674AF287C8F95F7D38B5D173.udd" 729
"C:/Users/cdros/AppData/Local/UnrealEngine/Common/DerivedDataCache/0/7/5/TEXTURE_814DCC3DC72143F49509781513CB9855_AUTOETC1_C3E7A5CC4F363E58CB367E999DA6__A390BAA7539778BFD1F65377C8ACB64F494F4484.udd" 730
"C:/Users/cdros/AppData/Local/UnrealEngine/Common/DerivedDataCache/2/3/5/TEXTURE_814DCC3DC72143F49509781513CB9855_AUTOETC1_EA85F0444CEEC620058BA7901836__AC818C8ED0E827AF49300C755D8E02FB13CB7ADD.udd" 731
"C:/Users/cdros/AppData/Local/UnrealEngine/Common/DerivedDataCache/9/7/4/TEXTURE_814DCC3DC72143F49509781513CB9855_AUTOETC1_FEE1BAE2444579CDBE96A0B2385A__4A89C69F1566A309EE137E1A0919E4A077ABFCF1.udd" 732
"C:/Users/cdros/AppData/Local/UnrealEngine/Common/DerivedDataCache/1/9/4/TEXTURE_814DCC3DC72143F49509781513CB9855_AUTOETC1_C3E7A5CC4F363E58CB367E999DA6__CEB85033D1C5A7BD196876CFB2BF3B4B41CCE7D9.udd" 733
"C:/Users/cdros/AppData/Local/UnrealEngine/Common/DerivedDataCache/5/6/8/TEXTURE_814DCC3DC72143F49509781513CB9855_AUTOETC1_EA85F0444CEEC620058BA7901836__C4D75A4E8C8E23766C2228E74B691B48D84612A0.udd" 734
"C:/Users/cdros/AppData/Local/UnrealEngine/Common/DerivedDataCache/1/7/8/TEXTURE_814DCC3DC72143F49509781513CB9855_AUTOETC1_C0CDA5E34614B1C52A0703A93056__0F4E9711B2A1C0DAE63FC2283CD35911C8008FC1.udd" 735
"C:/Users/cdros/AppData/Local/UnrealEngine/Common/DerivedDataCache/6/7/7/TEXTURE_814DCC3DC72143F49509781513CB9855_AUTOETC1_FEE1BAE2444579CDBE96A0B2385A__5F6A507ECFE03B52E745F6B4A5328E482C38A584.udd" 736
"C:/Users/cdros/AppData/Local/UnrealEngine/Common/DerivedDataCache/7/9/2/TEXTURE_814DCC3DC72143F49509781513CB9855_AUTOETC1_1C294E3840B787C880A848998B97__C98FD841FF3B3F197DEFEAC8860FA1C73273116A.udd" 737
"C:/Users/cdros/AppData/Local/UnrealEngine/Common/DerivedDataCache/4/2/2/TEXTURE_814DCC3DC72143F49509781513CB9855_AUTOETC1_C0CDA5E34614B1C52A0703A93056__732201C18850F95D8A9D2AC2FE3565B15A1DE497.udd" 738
"C:/Users/cdros/AppData/Local/UnrealEngine/Common/DerivedDataCache/6/3/2/TEXTURE_814DCC3DC72143F49509781513CB9855_AUTOETC1_1C294E3840B787C880A848998B97__5CF088546003821A09B828D013965D03B8D35B1E.udd" 739
"C:/Users/cdros/AppData/Local/UnrealEngine/Common/DerivedDataCache/7/6/0/TEXTURE_814DCC3DC72143F49509781513CB9855_AUTOETC1_37A081B749ECFBF53F8D8FAFE076__37D1339AE04C822E835E46D478AB7ED0DF4A4A62.udd" 740
"C:/Users/cdros/AppData/Local/UnrealEngine/Common/DerivedDataCache/3/2/6/TEXTURE_814DCC3DC72143F49509781513CB9855_AUTOETC1_AE4A0C35457C9635980310BF0EEE__5D6A1267E832DA9E3DC126888DE575F10B4FE2FF.udd" 741
"C:/Users/cdros/AppData/Local/UnrealEngine/Common/DerivedDataCache/6/1/5/TEXTURE_814DCC3DC72143F49509781513CB9855_AUTOETC1_AE4A0C35457C9635980310BF0EEE__962BA894E56051E8B9E1E4A315B9A8E5F002AA39.udd" 742
"C:/Users/cdros/AppData/Local/UnrealEngine/Common/DerivedDataCache/7/0/3/TEXTURE_814DCC3DC72143F49509781513CB9855_AUTOETC1_AE4A0C35457C9635980310BF0EEE__FDCC9728AB92E9E51A5260568473027895863855.udd" 743
"C:/Users/cdros/AppData/Local/UnrealEngine/Common/DerivedDataCache/6/6/9/TEXTURE_814DCC3DC72143F49509781513CB9855_AUTOETC1_C0CDA5E34614B1C52A0703A93056__CC25CA5D9056B5FC83AF25C9FD1814B044C42C8C.udd" 744
"C:/Users/cdros/AppData/Local/UnrealEngine/Common/DerivedDataCache/7/8/6/TEXTURE_814DCC3DC72143F49509781513CB9855_AUTOETC1_C0CDA5E34614B1C52A0703A93056__1418ADDF85CFA86585A634F74586999B6E73F719.udd" 745
"../../../Engine/Content/EditorResources/EmptyActor.uasset" 746
"C:/Users/cdros/AppData/Local/UnrealEngine/Common/DerivedDataCache/0/7/5/TEXTURE_814DCC3DC72143F49509781513CB9855_AUTOETC1_52640BB9425F976C53CF3FA787E7__6731AD613568C4C3C16AA60A196D978761B42823.udd" 747
"C:/Users/cdros/AppData/Local/UnrealEngine/Common/DerivedDataCache/5/9/3/TEXTURE_814DCC3DC72143F49509781513CB9855_AUTOETC1_52640BB9425F976C53CF3FA787E7__9B0A5091B46417C704ACFC5542FD5E64D781188D.udd" 748
"C:/Users/cdros/AppData/Local/UnrealEngine/Common/DerivedDataCache/1/6/8/TEXTURE_814DCC3DC72143F49509781513CB9855_AUTOETC1_52640BB9425F976C53CF3FA787E7__0DDB4F5B0BB901FF2C8F551ADE807FB0B84FCED8.udd" 749
"C:/Users/cdros/AppData/Local/UnrealEngine/Common/DerivedDataCache/4/0/0/TEXTURE_814DCC3DC72143F49509781513CB9855_AUTOETC1_52640BB9425F976C53CF3FA787E7__704CA6D885E721661C0CD3DA59FCC6A97BEB7BE8.udd" 750
"C:/Users/cdros/AppData/Local/UnrealEngine/Common/DerivedDataCache/4/7/2/TEXTURE_814DCC3DC72143F49509781513CB9855_AUTOETC1_448D83D64D92F14E184FE8814236__A1319EB74B7D0DCC0303E19E536D131BD85C8BB6.udd" 751
"C:/Users/cdros/AppData/Local/UnrealEngine/Common/DerivedDataCache/3/4/6/TEXTURE_814DCC3DC72143F49509781513CB9855_AUTOETC1_448D83D64D92F14E184FE8814236__AFB0BB4826F2083FF4D507562195455DEDFCE373.udd" 752
"C:/Users/cdros/AppData/Local/UnrealEngine/Common/DerivedDataCache/5/9/9/TEXTURE_814DCC3DC72143F49509781513CB9855_AUTOETC1_448D83D64D92F14E184FE8814236__9E3288F163DA4C47F0739947487162F78C72C1ED.udd" 753
"C:/Users/cdros/AppData/Local/UnrealEngine/Common/DerivedDataCache/6/8/0/TEXTURE_814DCC3DC72143F49509781513CB9855_AUTOETC1_448D83D64D92F14E184FE8814236__C447CEE45E12679D776AD65BADCA8EAB1C1AD9FB.udd" 754
"C:/Users/cdros/AppData/Local/UnrealEngine/Common/DerivedDataCache/9/6/8/TEXTURE_814DCC3DC72143F49509781513CB9855_AUTOETC1_448D83D64D92F14E184FE8814236__B871A1118DD12C0E3FD23162DB02B9810B75B363.udd" 755
"C:/Users/cdros/AppData/Local/UnrealEngine/Common/DerivedDataCache/4/4/5/TEXTURE_814DCC3DC72143F49509781513CB9855_AUTOETC1_448D83D64D92F14E184FE8814236__8EB8B20303415C1B65742102EE0D026EC85081B0.udd" 756
"../../../Engine/Content/MobileResources/HUD/MobileHUDButton1_on.uasset" 757
"C:/Users/cdros/AppData/Local/UnrealEngine/Common/DerivedDataCache/1/4/4/TEXTURE_814DCC3DC72143F49509781513CB9855_AUTOETC1_7BBBF743419EE004ACC16E9959BC__850B8551A27DDAF3FD4308855DAD15A21F3332BA.udd" 758
"../../../Engine/Content/MobileResources/T_MobileControls_texture.uasset" 759
"C:/Users/cdros/AppData/Local/UnrealEngine/Common/DerivedDataCache/7/1/1/TEXTURE_814DCC3DC72143F49509781513CB9855_AUTOETC1_119D9D384F916FB5612DEB85B012__F70CE0BF99C3875DF12576A76693DBE123267F4F.udd" 760
"C:/Users/cdros/AppData/Local/UnrealEngine/Common/DerivedDataCache/1/0/5/TEXTURE_814DCC3DC72143F49509781513CB9855_AUTOETC1_119D9D384F916FB5612DEB85B012__E41DCDAC7622973FEEBF50035A2C3C0FDF03B18C.udd" 761
"C:/Users/cdros/AppData/Local/UnrealEngine/Common/DerivedDataCache/6/7/2/TEXTURE_814DCC3DC72143F49509781513CB9855_AUTOETC1_119D9D384F916FB5612DEB85B012__51E9A59B699BD636C2EF33F09BEBF1D2EAEFB259.udd" 762
"C:/Users/cdros/AppData/Local/UnrealEngine/Common/DerivedDataCache/8/8/7/TEXTURE_814DCC3DC72143F49509781513CB9855_AUTOETC1_119D9D384F916FB5612DEB85B012__95D25CF6FD26984769B743186AB1479ECBEA4B78.udd" 763
"E:/Projects/UE4/Unreal Projects/Element54/Element54/Content/Geometry/Meshes/TemplateFloor.uasset" 764
"C:/Users/cdros/AppData/Local/UnrealEngine/Common/DerivedDataCache/6/4/7/PHYSX_1D9C17C451EA4FB88CB7A27536A65DB0_PHYSXPC_C52BAC014F8411498AC1BBB642BFAE9__B626A48741F88FB5B2F7D8F6B4A5C88A40F03D8F.udd" 765
"C:/Users/cdros/AppData/Local/UnrealEngine/Common/DerivedDataCache/4/8/9/NAVCOLLISION_B89838347A4348138EE337A847529C5C_NAVCOLLISION_X_C52BAC014F8411498__3912D12602ACE56597F6EAE4775D2F73FB1EC15C.udd" 766
"../../../Engine/Content/MobileResources/HUD/MobileHUDButton2_on.uasset" 767
"C:/Users/cdros/AppData/Local/UnrealEngine/Common/DerivedDataCache/4/7/6/TEXTURE_814DCC3DC72143F49509781513CB9855_AUTOETC1_80A9E59646847B4846ED6DAF42DF__0C4971E08097B9D18830DF91D757278FB50B2381.udd" 768
"C:/Users/cdros/AppData/Local/UnrealEngine/Common/DerivedDataCache/2/7/4/TEXTURE_814DCC3DC72143F49509781513CB9855_AUTOETC1_80A9E59646847B4846ED6DAF42DF__A10033056B082BE1C9D7944F9EF35C3D7F782692.udd" 769
"../../../Engine/Content/MobileResources/HUD/T_Castle_ThumbstickOutter.uasset" 770
"../../../Engine/Content/MobileResources/HUD/MobileHUDDirectionPad.uasset" 771
"C:/Users/cdros/AppData/Local/UnrealEngine/Common/DerivedDataCache/4/6/0/TEXTURE_814DCC3DC72143F49509781513CB9855_AUTOETC1_3F3B1DD44FE006226A690596DBDD__66F5AE46C8F2E764F5080AFDBC85172E38F50134.udd" 772
"C:/Users/cdros/AppData/Local/UnrealEngine/Common/DerivedDataCache/8/7/6/TEXTURE_814DCC3DC72143F49509781513CB9855_AUTOETC1_3F3B1DD44FE006226A690596DBDD__22B532777E5D02E8EED5226F60AAE28B8C4FCD52.udd" 773
"../../../Engine/Content/MobileResources/HUD/MobileHUDDirectionStick.uasset" 774
"C:/Users/cdros/AppData/Local/UnrealEngine/Common/DerivedDataCache/3/5/3/TEXTURE_814DCC3DC72143F49509781513CB9855_AUTOETC1_8EDAF7A54E378800FEB217863433__CF961769FF928EEADFD63FE3788070AC2503EA81.udd" 775
"../../../Engine/Content/MobileResources/HUD/MobileHUDButton2_off.uasset" 776
"C:/Users/cdros/AppData/Local/UnrealEngine/Common/DerivedDataCache/6/3/5/TEXTURE_814DCC3DC72143F49509781513CB9855_AUTOETC1_D5542AFE4886708885DF42B1BE8F__2F075057FD006E88F1C937FE7B00E62F4B168B04.udd" 777
"C:/Users/cdros/AppData/Local/UnrealEngine/Common/DerivedDataCache/8/2/5/TEXTURE_814DCC3DC72143F49509781513CB9855_AUTOETC1_D5542AFE4886708885DF42B1BE8F__5C4869AC40AB2F84EA55D81F727ED360EC265CFF.udd" 778
"../../../Engine/Content/MobileResources/HUD/MobileHUDButton3.uasset" 779
"C:/Users/cdros/AppData/Local/UnrealEngine/Common/DerivedDataCache/3/8/8/TEXTURE_814DCC3DC72143F49509781513CB9855_AUTOETC1_C49FDA8C4EFE04B87EBA5CB5A57D__3D9BB883A240F2BBA954D3BDF46B92BDDE31C499.udd" 780
"../../../Engine/Content/MobileResources/T_MobileMenu2.uasset" 781
"C:/Users/cdros/AppData/Local/UnrealEngine/Common/DerivedDataCache/4/7/7/TEXTURE_814DCC3DC72143F49509781513CB9855_AUTOETC1_9F8FBEF84A1997E30FD384955E3D__6A408E1CDF5C92BC25E0CF0FB5311C00E0ECAD1E.udd" 782
"C:/Users/cdros/AppData/Local/UnrealEngine/Common/DerivedDataCache/8/0/4/TEXTURE_814DCC3DC72143F49509781513CB9855_AUTOETC1_9F8FBEF84A1997E30FD384955E3D__7B5BBC5F4C8A2D31195DA1BA1E6ABD488583F44F.udd" 783
"C:/Users/cdros/AppData/Local/UnrealEngine/Common/DerivedDataCache/2/2/1/TEXTURE_814DCC3DC72143F49509781513CB9855_AUTOETC1_9F8FBEF84A1997E30FD384955E3D__972FDFAA7168419231780096EBA544B3058A4CE5.udd" 784
"C:/Users/cdros/AppData/Local/UnrealEngine/Common/DerivedDataCache/2/8/5/TEXTURE_814DCC3DC72143F49509781513CB9855_AUTOETC1_9F8FBEF84A1997E30FD384955E3D__660E5ADE3E286524E73EE0B62E47CA618AB37F96.udd" 785
"../../../Engine/Content/MobileResources/HUD/MobileHUDDirectionPad3.uasset" 786
"C:/Users/cdros/AppData/Local/UnrealEngine/Common/DerivedDataCache/0/0/3/TEXTURE_814DCC3DC72143F49509781513CB9855_AUTOETC1_C9D41DBE4C754F8B430E7DBADCD4__8EF7BCCA2456BC3B35A7DDB3D88C3A39E1692141.udd" 787
"C:/Users/cdros/AppData/Local/UnrealEngine/Common/DerivedDataCache/0/3/8/TEXTURE_814DCC3DC72143F49509781513CB9855_AUTOETC1_C9D41DBE4C754F8B430E7DBADCD4__5CA27630B88BE371EC408DC97EAACC5AD150314C.udd" 788
"C:/Users/cdros/AppData/Local/UnrealEngine/Common/DerivedDataCache/5/0/0/TEXTURE_814DCC3DC72143F49509781513CB9855_AUTOETC1_C9D41DBE4C754F8B430E7DBADCD4__99CAE6AB8BA893DCA5FF4606B17BBE43051E2E6B.udd" 789
"../../../Engine/Content/MobileResources/HUD/MobileHUDButton1_off.uasset" 790
"C:/Users/cdros/AppData/Local/UnrealEngine/Common/DerivedDataCache/2/1/2/TEXTURE_814DCC3DC72143F49509781513CB9855_AUTOETC1_5FF2868842E6DED8A4C0CB821719__5B6E2AE7BE2273D3DFD996FF168947D01E0954E3.udd" 791
"../../../Engine/Content/MobileResources/HUD/MobileHUDButtonFire.uasset" 792
"C:/Users/cdros/AppData/Local/UnrealEngine/Common/DerivedDataCache/8/1/3/TEXTURE_814DCC3DC72143F49509781513CB9855_AUTOETC1_C200B7694C3FE53EBCE97592F5F4__C8B33D317BFF80C323CD4B45D509D86A55719B3F.udd" 793
"../../../Engine/Content/MobileResources/HUD/LeftVirtualJoystickOnly.uasset" 794
"E:/Projects/UE4/Unreal Projects/Element54/Element54/Saved/Stats/2015.09.22-11.33.16Stats.csv" 795
"..\..\..\Engine\Content\Internationalization\icudt53l\windowsZones.res" 796
"..\..\..\Engine\Content\Internationalization\icudt53l\zoneinfo64.res" 797
"..\..\..\Engine\Content\Internationalization\icudt53l\keyTypeData.res" 798
"..\..\..\Engine\Content\Internationalization\icudt53l\timezoneTypes.res" 799
"..\..\..\Engine\Content\Internationalization\icudt53l\supplementalData.res" 800
"..\..\..\Engine\Content\Internationalization\icudt53l\likelySubtags.res" 801
